0 info it worked if it ends with ok
1 verbose cli [ 'C:\\Program Files (x86)\\nodejs\\\\node.exe',
1 verbose cli   'C:\\Program Files (x86)\\nodejs\\node_modules\\npm\\bin\\npm-cli.js',
1 verbose cli   'install',
1 verbose cli   'ng2-bootstrap',
1 verbose cli   '--save' ]
2 info using npm@2.7.4
3 info using node@v0.12.2
4 verbose node symlink C:\Program Files (x86)\nodejs\\node.exe
5 warn package.json angular2-settle@1.0.0 No repository field.
6 warn package.json angular2-settle@1.0.0 No README data
7 warn package.json bcrypt-pbkdf@1.0.1 No repository field.
8 warn package.json callsite@1.0.0 No repository field.
9 warn package.json has-binary@0.1.7 No repository field.
10 warn package.json indexof@0.0.1 No repository field.
11 warn package.json object-component@0.0.3 No repository field.
12 warn package.json punycode@1.4.1 punycode is also the name of a node core module.
13 warn package.json string_decoder@1.0.0 string_decoder is also the name of a node core module.
14 warn package.json @angular/common@2.0.0-rc.5 No description
15 warn package.json @angular/compiler@2.0.0-rc.5 No description
16 warn package.json @angular/core@2.0.0-rc.5 No description
17 warn package.json @angular/forms@0.3.0 No description
18 warn package.json @angular/http@2.0.0-rc.5 No description
19 warn package.json @angular/platform-browser@2.0.0-rc.5 No description
20 warn package.json @angular/platform-browser-dynamic@2.0.0-rc.5 No description
21 warn package.json @angular/router@3.0.0-rc.1 No description
22 warn package.json @angular/router-deprecated@2.0.0-rc.2 No description
23 warn package.json @angular/upgrade@2.0.0-rc.5 No description
24 silly cache add args [ 'ng2-bootstrap', null ]
25 verbose cache add spec ng2-bootstrap
26 silly cache add parsed spec { raw: 'ng2-bootstrap',
26 silly cache add   scope: null,
26 silly cache add   name: 'ng2-bootstrap',
26 silly cache add   rawSpec: '',
26 silly cache add   spec: '*',
26 silly cache add   type: 'range' }
27 verbose addNamed ng2-bootstrap@*
28 silly addNamed semver.valid null
29 silly addNamed semver.validRange *
30 silly addNameRange { name: 'ng2-bootstrap', range: '*', hasData: false }
31 silly mapToRegistry name ng2-bootstrap
32 silly mapToRegistry using default registry
33 silly mapToRegistry registry https://registry.npmjs.org/
34 silly mapToRegistry uri https://registry.npmjs.org/ng2-bootstrap
35 verbose addNameRange registry:https://registry.npmjs.org/ng2-bootstrap not in flight; fetching
36 verbose request uri https://registry.npmjs.org/ng2-bootstrap
37 verbose request no auth needed
38 info attempt registry request try #1 at 1:41:13 PM
39 verbose request id 8d71eb06e99744ba
40 http request GET https://registry.npmjs.org/ng2-bootstrap
41 http 200 https://registry.npmjs.org/ng2-bootstrap
42 silly get cb [ 200,
42 silly get   { server: 'nginx/1.10.1',
42 silly get     'content-type': 'application/json',
42 silly get     'last-modified': 'Tue, 18 Apr 2017 21:09:45 GMT',
42 silly get     etag: 'W/"58f68099-55529"',
42 silly get     'content-encoding': 'gzip',
42 silly get     'cache-control': 'max-age=300',
42 silly get     'content-length': '21713',
42 silly get     'accept-ranges': 'bytes',
42 silly get     date: 'Thu, 11 May 2017 18:41:13 GMT',
42 silly get     via: '1.1 varnish',
42 silly get     age: '250',
42 silly get     connection: 'keep-alive',
42 silly get     'x-served-by': 'cache-dfw1827-DFW',
42 silly get     'x-cache': 'HIT',
42 silly get     'x-cache-hits': '2',
42 silly get     'x-timer': 'S1494528074.952913,VS0,VE0',
42 silly get     vary: 'Accept-Encoding' } ]
43 verbose get saving ng2-bootstrap to C:\Users\ssakinala\AppData\Roaming\npm-cache\registry.npmjs.org\ng2-bootstrap\.cache.json
44 silly addNameRange number 2 { name: 'ng2-bootstrap', range: '*', hasData: true }
45 silly addNameRange versions [ 'ng2-bootstrap',
45 silly addNameRange   [ '0.34.0',
45 silly addNameRange     '0.34.1',
45 silly addNameRange     '0.34.2',
45 silly addNameRange     '0.34.3',
45 silly addNameRange     '0.34.4',
45 silly addNameRange     '0.34.5',
45 silly addNameRange     '0.34.6',
45 silly addNameRange     '0.34.7',
45 silly addNameRange     '0.34.8',
45 silly addNameRange     '0.34.9',
45 silly addNameRange     '0.34.10',
45 silly addNameRange     '0.34.11',
45 silly addNameRange     '0.34.12',
45 silly addNameRange     '0.34.14',
45 silly addNameRange     '0.35.0',
45 silly addNameRange     '0.35.1',
45 silly addNameRange     '0.35.2',
45 silly addNameRange     '0.35.3',
45 silly addNameRange     '0.35.5',
45 silly addNameRange     '0.35.6',
45 silly addNameRange     '0.35.7',
45 silly addNameRange     '0.35.8',
45 silly addNameRange     '0.35.9',
45 silly addNameRange     '0.36.0',
45 silly addNameRange     '0.37.0',
45 silly addNameRange     '0.37.1',
45 silly addNameRange     '0.37.2',
45 silly addNameRange     '0.40.0',
45 silly addNameRange     '0.42.0',
45 silly addNameRange     '0.44.0',
45 silly addNameRange     '0.44.1',
45 silly addNameRange     '0.44.2',
45 silly addNameRange     '0.44.3',
45 silly addNameRange     '0.44.4',
45 silly addNameRange     '0.44.5',
45 silly addNameRange     '0.44.6',
45 silly addNameRange     '0.46.0',
45 silly addNameRange     '0.48.0',
45 silly addNameRange     '0.48.1',
45 silly addNameRange     '0.53.0',
45 silly addNameRange     '1.0.0-beta.0',
45 silly addNameRange     '1.0.0-beta.1',
45 silly addNameRange     '1.0.0-beta.2',
45 silly addNameRange     '1.0.1-beta.0',
45 silly addNameRange     '1.0.1-beta.1',
45 silly addNameRange     '1.0.1-beta.2',
45 silly addNameRange     '1.0.2-beta.0',
45 silly addNameRange     '1.0.2-beta.1',
45 silly addNameRange     '1.0.2-beta.2',
45 silly addNameRange     '1.0.3',
45 silly addNameRange     '1.0.4',
45 silly addNameRange     '1.0.5',
45 silly addNameRange     '1.0.6',
45 silly addNameRange     '1.0.7',
45 silly addNameRange     '1.0.8',
45 silly addNameRange     '1.0.9',
45 silly addNameRange     '1.0.10',
45 silly addNameRange     '1.0.11',
45 silly addNameRange     '1.0.12',
45 silly addNameRange     '1.0.13',
45 silly addNameRange     '1.0.14',
45 silly addNameRange     '1.0.15',
45 silly addNameRange     '1.0.16',
45 silly addNameRange     '1.0.17',
45 silly addNameRange     '1.0.18',
45 silly addNameRange     '1.0.19',
45 silly addNameRange     '1.0.20',
45 silly addNameRange     '1.0.21',
45 silly addNameRange     '1.0.22',
45 silly addNameRange     '1.0.23',
45 silly addNameRange     '1.0.24',
45 silly addNameRange     '1.1.0',
45 silly addNameRange     '1.1.1',
45 silly addNameRange     '1.1.2',
45 silly addNameRange     '1.1.3',
45 silly addNameRange     '1.1.4',
45 silly addNameRange     '1.1.5',
45 silly addNameRange     '1.1.6',
45 silly addNameRange     '1.1.7',
45 silly addNameRange     '1.1.8',
45 silly addNameRange     '1.1.9',
45 silly addNameRange     '1.1.10',
45 silly addNameRange     '1.1.11',
45 silly addNameRange     '1.1.12',
45 silly addNameRange     '1.1.13-0',
45 silly addNameRange     '1.1.13-1',
45 silly addNameRange     '1.1.13',
45 silly addNameRange     '1.1.14-0',
45 silly addNameRange     '1.1.14-1',
45 silly addNameRange     '1.1.14',
45 silly addNameRange     '1.1.15',
45 silly addNameRange     '1.1.16',
45 silly addNameRange     '1.1.16-3',
45 silly addNameRange     '1.1.16-4',
45 silly addNameRange     '1.1.16-5',
45 silly addNameRange     '1.1.16-6',
45 silly addNameRange     '1.1.16-7',
45 silly addNameRange     '1.1.16-8',
45 silly addNameRange     '1.1.16-9',
45 silly addNameRange     '1.1.16-10',
45 silly addNameRange     '1.1.16-11',
45 silly addNameRange     '1.1.17',
45 silly addNameRange     '1.2.0',
45 silly addNameRange     '1.2.1',
45 silly addNameRange     '1.2.2',
45 silly addNameRange     '1.2.3',
45 silly addNameRange     '1.2.4',
45 silly addNameRange     '1.2.5',
45 silly addNameRange     '1.2.6',
45 silly addNameRange     '1.3.0',
45 silly addNameRange     '1.3.1',
45 silly addNameRange     '1.4.0-beta.0',
45 silly addNameRange     '1.4.0-beta.1',
45 silly addNameRange     '1.4.0-beta.2',
45 silly addNameRange     '1.4.0-beta.3',
45 silly addNameRange     '1.3.2',
45 silly addNameRange     '1.3.3',
45 silly addNameRange     '1.4.0-beta.4',
45 silly addNameRange     '1.4.0',
45 silly addNameRange     '1.4.1',
45 silly addNameRange     '2.0.0-rc.0',
45 silly addNameRange     '1.4.2',
45 silly addNameRange     '1.4.0-beta.5',
45 silly addNameRange     '1.4.0-beta.6',
45 silly addNameRange     '1.5.0',
45 silly addNameRange     '1.6.0',
45 silly addNameRange     '1.6.1',
45 silly addNameRange     '2.0.0-beta.0',
45 silly addNameRange     '1.6.2',
45 silly addNameRange     '1.6.3' ] ]
46 verbose addNamed ng2-bootstrap@1.6.3
47 silly addNamed semver.valid 1.6.3
48 silly addNamed semver.validRange 1.6.3
49 silly mapToRegistry name ng2-bootstrap
50 silly mapToRegistry using default registry
51 silly mapToRegistry registry https://registry.npmjs.org/
52 silly mapToRegistry uri https://registry.npmjs.org/ng2-bootstrap
53 verbose addRemoteTarball https://registry.npmjs.org/ng2-bootstrap/-/ng2-bootstrap-1.6.3.tgz not in flight; adding
54 verbose addRemoteTarball [ 'https://registry.npmjs.org/ng2-bootstrap/-/ng2-bootstrap-1.6.3.tgz',
54 verbose addRemoteTarball   '8bef6179d7436ba547901447f18fee8fff4355c2' ]
55 info retry fetch attempt 1 at 1:41:13 PM
56 info attempt registry request try #1 at 1:41:13 PM
57 http fetch GET https://registry.npmjs.org/ng2-bootstrap/-/ng2-bootstrap-1.6.3.tgz
58 http fetch 200 https://registry.npmjs.org/ng2-bootstrap/-/ng2-bootstrap-1.6.3.tgz
59 silly fetchAndShaCheck shasum 8bef6179d7436ba547901447f18fee8fff4355c2
60 verbose addTmpTarball C:\Users\SSAKIN~1\AppData\Local\Temp\npm-8320-135b3315\registry.npmjs.org\ng2-bootstrap\-\ng2-bootstrap-1.6.3.tgz not in flight; adding
61 verbose addTmpTarball already have metadata; skipping unpack for ng2-bootstrap@1.6.3
62 silly cache afterAdd ng2-bootstrap@1.6.3
63 verbose afterAdd C:\Users\ssakinala\AppData\Roaming\npm-cache\ng2-bootstrap\1.6.3\package\package.json not in flight; writing
64 verbose afterAdd C:\Users\ssakinala\AppData\Roaming\npm-cache\ng2-bootstrap\1.6.3\package\package.json written
65 silly install resolved [ { main: 'bundles/ngx-bootstrap.umd.js',
65 silly install resolved     version: '1.6.3',
65 silly install resolved     description: 'Native Angular Bootstrap Components',
65 silly install resolved     module: 'index.js',
65 silly install resolved     typings: 'index.d.ts',
65 silly install resolved     keywords:
65 silly install resolved      [ 'ng',
65 silly install resolved        'ng-bootstap',
65 silly install resolved        'angular',
65 silly install resolved        'angular2',
65 silly install resolved        'bootstrap',
65 silly install resolved        'twitter-bootstrap' ],
65 silly install resolved     author: { name: 'Dmitriy Shekhovtsov', email: 'valorkin@gmail.com' },
65 silly install resolved     license: 'MIT',
65 silly install resolved     repository:
65 silly install resolved      { type: 'git',
65 silly install resolved        url: 'git+ssh://git@github.com/valor-software/ngx-bootstrap.git' },
65 silly install resolved     name: 'ng2-bootstrap',
65 silly install resolved     dependencies: { moment: '2.18.1' },
65 silly install resolved     peerDependencies:
65 silly install resolved      { '@angular/common': '^2.3.1 || >=4.0.0',
65 silly install resolved        '@angular/compiler': '^2.3.1 || >=4.0.0',
65 silly install resolved        '@angular/core': '^2.3.1 || >=4.0.0',
65 silly install resolved        '@angular/forms': '^2.3.1 || >=4.0.0' },
65 silly install resolved     _id: 'ng2-bootstrap@1.6.3',
65 silly install resolved     devDependencies: {},
65 silly install resolved     bugs: { url: 'https://github.com/valor-software/ngx-bootstrap/issues' },
65 silly install resolved     homepage: 'https://github.com/valor-software/ngx-bootstrap#readme',
65 silly install resolved     scripts: {},
65 silly install resolved     _shasum: '8bef6179d7436ba547901447f18fee8fff4355c2',
65 silly install resolved     _from: 'ng2-bootstrap@*',
65 silly install resolved     _npmVersion: '4.0.5',
65 silly install resolved     _nodeVersion: '7.0.0',
65 silly install resolved     _npmUser: { name: 'valorkin', email: 'valorkin@gmail.com' },
65 silly install resolved     dist:
65 silly install resolved      { shasum: '8bef6179d7436ba547901447f18fee8fff4355c2',
65 silly install resolved        tarball: 'https://registry.npmjs.org/ng2-bootstrap/-/ng2-bootstrap-1.6.3.tgz' },
65 silly install resolved     maintainers: [ [Object] ],
65 silly install resolved     _npmOperationalInternal:
65 silly install resolved      { host: 'packages-18-east.internal.npmjs.com',
65 silly install resolved        tmp: 'tmp/ng2-bootstrap-1.6.3.tgz_1491427742172_0.4897463619709015' },
65 silly install resolved     directories: {},
65 silly install resolved     _resolved: 'https://registry.npmjs.org/ng2-bootstrap/-/ng2-bootstrap-1.6.3.tgz' } ]
66 info install ng2-bootstrap@1.6.3 into C:\Users\ssakinala\Settle
67 info installOne ng2-bootstrap@1.6.3
68 verbose installOne of ng2-bootstrap to C:\Users\ssakinala\Settle not in flight; installing
69 verbose lock using C:\Users\ssakinala\AppData\Roaming\npm-cache\_locks\ng2-bootstrap-22f43295f9f94909.lock for C:\Users\ssakinala\Settle\node_modules\ng2-bootstrap
70 silly install write writing ng2-bootstrap 1.6.3 to C:\Users\ssakinala\Settle\node_modules\ng2-bootstrap
71 silly cache addNamed cb ng2-bootstrap@1.6.3
72 verbose unbuild node_modules\ng2-bootstrap
73 silly gentlyRm C:\Users\ssakinala\Settle\node_modules\ng2-bootstrap is being purged from base C:\Users\ssakinala\Settle
74 verbose gentlyRm don't care about contents; nuking C:\Users\ssakinala\Settle\node_modules\ng2-bootstrap
75 verbose tar unpack C:\Users\ssakinala\AppData\Roaming\npm-cache\ng2-bootstrap\1.6.3\package.tgz
76 verbose tar unpacking to C:\Users\ssakinala\Settle\node_modules\ng2-bootstrap
77 silly gentlyRm C:\Users\ssakinala\Settle\node_modules\ng2-bootstrap is being purged
78 verbose gentlyRm don't care about contents; nuking C:\Users\ssakinala\Settle\node_modules\ng2-bootstrap
79 silly gunzTarPerm modes [ '777', '666' ]
80 silly gunzTarPerm extractEntry package.json
81 silly gunzTarPerm modified mode [ 'package.json', 420, 438 ]
82 silly gunzTarPerm extractEntry README.md
83 silly gunzTarPerm modified mode [ 'README.md', 420, 438 ]
84 silly gunzTarPerm extractEntry LICENSE
85 silly gunzTarPerm modified mode [ 'LICENSE', 420, 438 ]
86 silly gunzTarPerm extractEntry index.js
87 silly gunzTarPerm modified mode [ 'index.js', 420, 438 ]
88 silly gunzTarPerm extractEntry ng2-bootstrap.js
89 silly gunzTarPerm modified mode [ 'ng2-bootstrap.js', 420, 438 ]
90 silly gunzTarPerm extractEntry ng2-bootstrap.d.ts
91 silly gunzTarPerm modified mode [ 'ng2-bootstrap.d.ts', 420, 438 ]
92 silly gunzTarPerm extractEntry buttons/button-radio.directive.js
93 silly gunzTarPerm modified mode [ 'buttons/button-radio.directive.js', 420, 438 ]
94 silly gunzTarPerm extractEntry buttons/button-checkbox.directive.js
95 silly gunzTarPerm modified mode [ 'buttons/button-checkbox.directive.js', 420, 438 ]
96 silly gunzTarPerm extractEntry buttons/buttons.module.js
97 silly gunzTarPerm modified mode [ 'buttons/buttons.module.js', 420, 438 ]
98 silly gunzTarPerm extractEntry buttons/index.js
99 silly gunzTarPerm modified mode [ 'buttons/index.js', 420, 438 ]
100 silly gunzTarPerm extractEntry buttons/buttons.module.d.ts
101 silly gunzTarPerm modified mode [ 'buttons/buttons.module.d.ts', 420, 438 ]
102 silly gunzTarPerm extractEntry buttons/button-checkbox.directive.d.ts
103 silly gunzTarPerm modified mode [ 'buttons/button-checkbox.directive.d.ts', 420, 438 ]
104 silly gunzTarPerm extractEntry buttons/button-radio.directive.js.map
105 silly gunzTarPerm modified mode [ 'buttons/button-radio.directive.js.map', 420, 438 ]
106 silly gunzTarPerm extractEntry buttons/button-radio.directive.metadata.json
107 silly gunzTarPerm modified mode [ 'buttons/button-radio.directive.metadata.json', 420, 438 ]
108 silly gunzTarPerm extractEntry buttons/button-checkbox.directive.js.map
109 silly gunzTarPerm modified mode [ 'buttons/button-checkbox.directive.js.map', 420, 438 ]
110 silly gunzTarPerm extractEntry buttons/button-checkbox.directive.metadata.json
111 silly gunzTarPerm modified mode [ 'buttons/button-checkbox.directive.metadata.json', 420, 438 ]
112 silly gunzTarPerm extractEntry buttons/buttons.module.js.map
113 silly gunzTarPerm modified mode [ 'buttons/buttons.module.js.map', 420, 438 ]
114 silly gunzTarPerm extractEntry buttons/buttons.module.metadata.json
115 silly gunzTarPerm modified mode [ 'buttons/buttons.module.metadata.json', 420, 438 ]
116 silly gunzTarPerm extractEntry buttons/index.d.ts
117 silly gunzTarPerm modified mode [ 'buttons/index.d.ts', 420, 438 ]
118 silly gunzTarPerm extractEntry buttons/button-radio.directive.d.ts
119 silly gunzTarPerm modified mode [ 'buttons/button-radio.directive.d.ts', 420, 438 ]
120 silly gunzTarPerm extractEntry buttons/index.js.map
121 silly gunzTarPerm modified mode [ 'buttons/index.js.map', 420, 438 ]
122 silly gunzTarPerm extractEntry buttons/index.metadata.json
123 silly gunzTarPerm modified mode [ 'buttons/index.metadata.json', 420, 438 ]
124 silly gunzTarPerm extractEntry carousel/carousel.config.js
125 silly gunzTarPerm modified mode [ 'carousel/carousel.config.js', 420, 438 ]
126 silly gunzTarPerm extractEntry carousel/carousel.module.js
127 silly gunzTarPerm modified mode [ 'carousel/carousel.module.js', 420, 438 ]
128 silly gunzTarPerm extractEntry carousel/carousel.component.js
129 silly gunzTarPerm modified mode [ 'carousel/carousel.component.js', 420, 438 ]
130 silly gunzTarPerm extractEntry carousel/index.js
131 silly gunzTarPerm modified mode [ 'carousel/index.js', 420, 438 ]
132 silly gunzTarPerm extractEntry carousel/slide.component.js
133 silly gunzTarPerm modified mode [ 'carousel/slide.component.js', 420, 438 ]
134 silly gunzTarPerm extractEntry carousel/carousel.module.js.map
135 silly gunzTarPerm modified mode [ 'carousel/carousel.module.js.map', 420, 438 ]
136 silly gunzTarPerm extractEntry carousel/carousel.config.js.map
137 silly gunzTarPerm modified mode [ 'carousel/carousel.config.js.map', 420, 438 ]
138 silly gunzTarPerm extractEntry carousel/carousel.config.metadata.json
139 silly gunzTarPerm modified mode [ 'carousel/carousel.config.metadata.json', 420, 438 ]
140 silly gunzTarPerm extractEntry carousel/carousel.module.d.ts
141 silly gunzTarPerm modified mode [ 'carousel/carousel.module.d.ts', 420, 438 ]
142 silly gunzTarPerm extractEntry carousel/carousel.component.js.map
143 silly gunzTarPerm modified mode [ 'carousel/carousel.component.js.map', 420, 438 ]
144 silly gunzTarPerm extractEntry carousel/carousel.component.metadata.json
145 silly gunzTarPerm modified mode [ 'carousel/carousel.component.metadata.json', 420, 438 ]
146 silly gunzTarPerm extractEntry carousel/carousel.module.metadata.json
147 silly gunzTarPerm modified mode [ 'carousel/carousel.module.metadata.json', 420, 438 ]
148 silly gunzTarPerm extractEntry carousel/index.d.ts
149 silly gunzTarPerm modified mode [ 'carousel/index.d.ts', 420, 438 ]
150 silly gunzTarPerm extractEntry carousel/carousel.config.d.ts
151 silly gunzTarPerm modified mode [ 'carousel/carousel.config.d.ts', 420, 438 ]
152 silly gunzTarPerm extractEntry carousel/index.js.map
153 silly gunzTarPerm modified mode [ 'carousel/index.js.map', 420, 438 ]
154 silly gunzTarPerm extractEntry carousel/index.metadata.json
155 silly gunzTarPerm modified mode [ 'carousel/index.metadata.json', 420, 438 ]
156 silly gunzTarPerm extractEntry carousel/slide.component.d.ts
157 silly gunzTarPerm modified mode [ 'carousel/slide.component.d.ts', 420, 438 ]
158 silly gunzTarPerm extractEntry carousel/carousel.component.d.ts
159 silly gunzTarPerm modified mode [ 'carousel/carousel.component.d.ts', 420, 438 ]
160 silly gunzTarPerm extractEntry carousel/slide.component.js.map
161 silly gunzTarPerm modified mode [ 'carousel/slide.component.js.map', 420, 438 ]
162 silly gunzTarPerm extractEntry carousel/slide.component.metadata.json
163 silly gunzTarPerm modified mode [ 'carousel/slide.component.metadata.json', 420, 438 ]
164 silly gunzTarPerm extractEntry collapse/collapse.module.js
165 silly gunzTarPerm modified mode [ 'collapse/collapse.module.js', 420, 438 ]
166 silly gunzTarPerm extractEntry collapse/collapse.directive.js
167 silly gunzTarPerm modified mode [ 'collapse/collapse.directive.js', 420, 438 ]
168 silly gunzTarPerm extractEntry collapse/index.js
169 silly gunzTarPerm modified mode [ 'collapse/index.js', 420, 438 ]
170 silly gunzTarPerm extractEntry collapse/collapse.module.js.map
171 silly gunzTarPerm modified mode [ 'collapse/collapse.module.js.map', 420, 438 ]
172 silly gunzTarPerm extractEntry collapse/collapse.module.d.ts
173 silly gunzTarPerm modified mode [ 'collapse/collapse.module.d.ts', 420, 438 ]
174 silly gunzTarPerm extractEntry collapse/collapse.directive.d.ts
175 silly gunzTarPerm modified mode [ 'collapse/collapse.directive.d.ts', 420, 438 ]
176 silly gunzTarPerm extractEntry collapse/collapse.directive.js.map
177 silly gunzTarPerm modified mode [ 'collapse/collapse.directive.js.map', 420, 438 ]
178 silly gunzTarPerm extractEntry collapse/collapse.module.metadata.json
179 silly gunzTarPerm modified mode [ 'collapse/collapse.module.metadata.json', 420, 438 ]
180 silly gunzTarPerm extractEntry collapse/index.d.ts
181 silly gunzTarPerm modified mode [ 'collapse/index.d.ts', 420, 438 ]
182 silly gunzTarPerm extractEntry collapse/collapse.directive.metadata.json
183 silly gunzTarPerm modified mode [ 'collapse/collapse.directive.metadata.json', 420, 438 ]
184 silly gunzTarPerm extractEntry collapse/index.js.map
185 silly gunzTarPerm modified mode [ 'collapse/index.js.map', 420, 438 ]
186 silly gunzTarPerm extractEntry collapse/index.metadata.json
187 silly gunzTarPerm modified mode [ 'collapse/index.metadata.json', 420, 438 ]
188 silly gunzTarPerm extractEntry component-loader/component-loader.class.js
189 silly gunzTarPerm modified mode [ 'component-loader/component-loader.class.js', 420, 438 ]
190 silly gunzTarPerm extractEntry component-loader/component-loader.factory.js
191 silly gunzTarPerm modified mode [ 'component-loader/component-loader.factory.js', 420, 438 ]
192 silly gunzTarPerm extractEntry component-loader/bs-component-ref.class.js
193 silly gunzTarPerm modified mode [ 'component-loader/bs-component-ref.class.js', 420, 438 ]
194 silly gunzTarPerm extractEntry component-loader/content-ref.class.js
195 silly gunzTarPerm modified mode [ 'component-loader/content-ref.class.js', 420, 438 ]
196 silly gunzTarPerm extractEntry component-loader/index.js
197 silly gunzTarPerm modified mode [ 'component-loader/index.js', 420, 438 ]
198 silly gunzTarPerm extractEntry component-loader/component-loader.factory.js.map
199 silly gunzTarPerm modified mode [ 'component-loader/component-loader.factory.js.map', 420, 438 ]
200 silly gunzTarPerm extractEntry component-loader/component-loader.class.js.map
201 silly gunzTarPerm modified mode [ 'component-loader/component-loader.class.js.map', 420, 438 ]
202 silly gunzTarPerm extractEntry component-loader/component-loader.class.metadata.json
203 silly gunzTarPerm modified mode [ 'component-loader/component-loader.class.metadata.json',
203 silly gunzTarPerm   420,
203 silly gunzTarPerm   438 ]
204 silly gunzTarPerm extractEntry component-loader/component-loader.factory.d.ts
205 silly gunzTarPerm modified mode [ 'component-loader/component-loader.factory.d.ts', 420, 438 ]
206 silly gunzTarPerm extractEntry component-loader/bs-component-ref.class.js.map
207 silly gunzTarPerm modified mode [ 'component-loader/bs-component-ref.class.js.map', 420, 438 ]
208 silly gunzTarPerm extractEntry component-loader/bs-component-ref.class.metadata.json
209 silly gunzTarPerm modified mode [ 'component-loader/bs-component-ref.class.metadata.json',
209 silly gunzTarPerm   420,
209 silly gunzTarPerm   438 ]
210 silly gunzTarPerm extractEntry component-loader/component-loader.factory.metadata.json
211 silly gunzTarPerm modified mode [ 'component-loader/component-loader.factory.metadata.json',
211 silly gunzTarPerm   420,
211 silly gunzTarPerm   438 ]
212 silly gunzTarPerm extractEntry component-loader/content-ref.class.d.ts
213 silly gunzTarPerm modified mode [ 'component-loader/content-ref.class.d.ts', 420, 438 ]
214 silly gunzTarPerm extractEntry component-loader/component-loader.class.d.ts
215 silly gunzTarPerm modified mode [ 'component-loader/component-loader.class.d.ts', 420, 438 ]
216 silly gunzTarPerm extractEntry component-loader/content-ref.class.js.map
217 silly gunzTarPerm modified mode [ 'component-loader/content-ref.class.js.map', 420, 438 ]
218 silly gunzTarPerm extractEntry component-loader/content-ref.class.metadata.json
219 silly gunzTarPerm modified mode [ 'component-loader/content-ref.class.metadata.json', 420, 438 ]
220 silly gunzTarPerm extractEntry component-loader/index.d.ts
221 silly gunzTarPerm modified mode [ 'component-loader/index.d.ts', 420, 438 ]
222 silly gunzTarPerm extractEntry component-loader/bs-component-ref.class.d.ts
223 silly gunzTarPerm modified mode [ 'component-loader/bs-component-ref.class.d.ts', 420, 438 ]
224 silly gunzTarPerm extractEntry component-loader/index.js.map
225 silly gunzTarPerm modified mode [ 'component-loader/index.js.map', 420, 438 ]
226 silly gunzTarPerm extractEntry component-loader/index.metadata.json
227 silly gunzTarPerm modified mode [ 'component-loader/index.metadata.json', 420, 438 ]
228 silly gunzTarPerm extractEntry datepicker/datepicker-inner.component.js
229 silly gunzTarPerm modified mode [ 'datepicker/datepicker-inner.component.js', 420, 438 ]
230 silly gunzTarPerm extractEntry datepicker/datepicker.component.js
231 silly gunzTarPerm modified mode [ 'datepicker/datepicker.component.js', 420, 438 ]
232 silly gunzTarPerm extractEntry datepicker/datepicker.config.js
233 silly gunzTarPerm modified mode [ 'datepicker/datepicker.config.js', 420, 438 ]
234 silly gunzTarPerm extractEntry datepicker/datepicker.module.js
235 silly gunzTarPerm modified mode [ 'datepicker/datepicker.module.js', 420, 438 ]
236 silly gunzTarPerm extractEntry datepicker/date-formatter.js
237 silly gunzTarPerm modified mode [ 'datepicker/date-formatter.js', 420, 438 ]
238 silly gunzTarPerm extractEntry datepicker/daypicker.component.js
239 silly gunzTarPerm modified mode [ 'datepicker/daypicker.component.js', 420, 438 ]
240 silly gunzTarPerm extractEntry datepicker/index.js
241 silly gunzTarPerm modified mode [ 'datepicker/index.js', 420, 438 ]
242 silly gunzTarPerm extractEntry datepicker/monthpicker.component.js
243 silly gunzTarPerm modified mode [ 'datepicker/monthpicker.component.js', 420, 438 ]
244 silly gunzTarPerm extractEntry datepicker/yearpicker.component.js
245 silly gunzTarPerm modified mode [ 'datepicker/yearpicker.component.js', 420, 438 ]
246 silly gunzTarPerm extractEntry datepicker/datepicker.module.js.map
247 silly gunzTarPerm modified mode [ 'datepicker/datepicker.module.js.map', 420, 438 ]
248 silly gunzTarPerm extractEntry datepicker/datepicker.component.js.map
249 silly gunzTarPerm modified mode [ 'datepicker/datepicker.component.js.map', 420, 438 ]
250 silly gunzTarPerm extractEntry datepicker/datepicker.component.metadata.json
251 silly gunzTarPerm modified mode [ 'datepicker/datepicker.component.metadata.json', 420, 438 ]
252 silly gunzTarPerm extractEntry datepicker/datepicker.config.d.ts
253 silly gunzTarPerm modified mode [ 'datepicker/datepicker.config.d.ts', 420, 438 ]
254 silly gunzTarPerm extractEntry datepicker/date-formatter.metadata.json
255 silly gunzTarPerm modified mode [ 'datepicker/date-formatter.metadata.json', 420, 438 ]
256 silly gunzTarPerm extractEntry datepicker/datepicker.config.js.map
257 silly gunzTarPerm modified mode [ 'datepicker/datepicker.config.js.map', 420, 438 ]
258 silly gunzTarPerm extractEntry datepicker/datepicker.config.metadata.json
259 silly gunzTarPerm modified mode [ 'datepicker/datepicker.config.metadata.json', 420, 438 ]
260 silly gunzTarPerm extractEntry datepicker/datepicker.module.d.ts
261 silly gunzTarPerm modified mode [ 'datepicker/datepicker.module.d.ts', 420, 438 ]
262 silly gunzTarPerm extractEntry datepicker/datepicker-inner.component.d.ts
263 silly gunzTarPerm modified mode [ 'datepicker/datepicker-inner.component.d.ts', 420, 438 ]
264 silly gunzTarPerm extractEntry datepicker/date-formatter.d.ts
265 silly gunzTarPerm modified mode [ 'datepicker/date-formatter.d.ts', 420, 438 ]
266 silly gunzTarPerm extractEntry datepicker/datepicker.module.metadata.json
267 silly gunzTarPerm modified mode [ 'datepicker/datepicker.module.metadata.json', 420, 438 ]
268 silly gunzTarPerm extractEntry datepicker/daypicker.component.d.ts
269 silly gunzTarPerm modified mode [ 'datepicker/daypicker.component.d.ts', 420, 438 ]
270 silly gunzTarPerm extractEntry datepicker/datepicker-inner.component.js.map
271 silly gunzTarPerm modified mode [ 'datepicker/datepicker-inner.component.js.map', 420, 438 ]
272 silly gunzTarPerm extractEntry datepicker/daypicker.component.js.map
273 silly gunzTarPerm modified mode [ 'datepicker/daypicker.component.js.map', 420, 438 ]
274 silly gunzTarPerm extractEntry datepicker/daypicker.component.metadata.json
275 silly gunzTarPerm modified mode [ 'datepicker/daypicker.component.metadata.json', 420, 438 ]
276 silly gunzTarPerm extractEntry datepicker/index.d.ts
277 silly gunzTarPerm modified mode [ 'datepicker/index.d.ts', 420, 438 ]
278 silly gunzTarPerm extractEntry datepicker/datepicker-inner.component.metadata.json
279 silly gunzTarPerm modified mode [ 'datepicker/datepicker-inner.component.metadata.json',
279 silly gunzTarPerm   420,
279 silly gunzTarPerm   438 ]
280 silly gunzTarPerm extractEntry datepicker/index.js.map
281 silly gunzTarPerm modified mode [ 'datepicker/index.js.map', 420, 438 ]
282 silly gunzTarPerm extractEntry datepicker/index.metadata.json
283 silly gunzTarPerm modified mode [ 'datepicker/index.metadata.json', 420, 438 ]
284 silly gunzTarPerm extractEntry datepicker/monthpicker.component.d.ts
285 silly gunzTarPerm modified mode [ 'datepicker/monthpicker.component.d.ts', 420, 438 ]
286 silly gunzTarPerm extractEntry datepicker/datepicker.component.d.ts
287 silly gunzTarPerm modified mode [ 'datepicker/datepicker.component.d.ts', 420, 438 ]
288 silly gunzTarPerm extractEntry datepicker/monthpicker.component.js.map
289 silly gunzTarPerm modified mode [ 'datepicker/monthpicker.component.js.map', 420, 438 ]
290 silly gunzTarPerm extractEntry datepicker/monthpicker.component.metadata.json
291 silly gunzTarPerm modified mode [ 'datepicker/monthpicker.component.metadata.json', 420, 438 ]
292 silly gunzTarPerm extractEntry datepicker/yearpicker.component.d.ts
293 silly gunzTarPerm modified mode [ 'datepicker/yearpicker.component.d.ts', 420, 438 ]
294 silly gunzTarPerm extractEntry datepicker/date-formatter.js.map
295 silly gunzTarPerm modified mode [ 'datepicker/date-formatter.js.map', 420, 438 ]
296 silly gunzTarPerm extractEntry datepicker/yearpicker.component.js.map
297 silly gunzTarPerm modified mode [ 'datepicker/yearpicker.component.js.map', 420, 438 ]
298 silly gunzTarPerm extractEntry datepicker/yearpicker.component.metadata.json
299 silly gunzTarPerm modified mode [ 'datepicker/yearpicker.component.metadata.json', 420, 438 ]
300 silly gunzTarPerm extractEntry dropdown/bs-dropdown-menu.directive.js
301 silly gunzTarPerm modified mode [ 'dropdown/bs-dropdown-menu.directive.js', 420, 438 ]
302 silly gunzTarPerm extractEntry dropdown/bs-dropdown-toggle.directive.js
303 silly gunzTarPerm modified mode [ 'dropdown/bs-dropdown-toggle.directive.js', 420, 438 ]
304 silly gunzTarPerm extractEntry dropdown/bs-dropdown.config.js
305 silly gunzTarPerm modified mode [ 'dropdown/bs-dropdown.config.js', 420, 438 ]
306 silly gunzTarPerm extractEntry dropdown/bs-dropdown-container.component.js
307 silly gunzTarPerm modified mode [ 'dropdown/bs-dropdown-container.component.js', 420, 438 ]
308 silly gunzTarPerm extractEntry dropdown/bs-dropdown.directive.js
309 silly gunzTarPerm modified mode [ 'dropdown/bs-dropdown.directive.js', 420, 438 ]
310 silly gunzTarPerm extractEntry dropdown/bs-dropdown.module.js
311 silly gunzTarPerm modified mode [ 'dropdown/bs-dropdown.module.js', 420, 438 ]
312 silly gunzTarPerm extractEntry dropdown/bs-dropdown.state.js
313 silly gunzTarPerm modified mode [ 'dropdown/bs-dropdown.state.js', 420, 438 ]
314 silly gunzTarPerm extractEntry dropdown/index.js
315 silly gunzTarPerm modified mode [ 'dropdown/index.js', 420, 438 ]
316 silly gunzTarPerm extractEntry dropdown/bs-dropdown.directive.d.ts
317 silly gunzTarPerm modified mode [ 'dropdown/bs-dropdown.directive.d.ts', 420, 438 ]
318 silly gunzTarPerm extractEntry dropdown/bs-dropdown-container.component.js.map
319 silly gunzTarPerm modified mode [ 'dropdown/bs-dropdown-container.component.js.map', 420, 438 ]
320 silly gunzTarPerm extractEntry dropdown/bs-dropdown-toggle.directive.js.map
321 silly gunzTarPerm modified mode [ 'dropdown/bs-dropdown-toggle.directive.js.map', 420, 438 ]
322 silly gunzTarPerm extractEntry dropdown/bs-dropdown-toggle.directive.metadata.json
323 silly gunzTarPerm modified mode [ 'dropdown/bs-dropdown-toggle.directive.metadata.json',
323 silly gunzTarPerm   420,
323 silly gunzTarPerm   438 ]
324 silly gunzTarPerm extractEntry dropdown/bs-dropdown.config.d.ts
325 silly gunzTarPerm modified mode [ 'dropdown/bs-dropdown.config.d.ts', 420, 438 ]
326 silly gunzTarPerm extractEntry dropdown/bs-dropdown-container.component.metadata.json
327 silly gunzTarPerm modified mode [ 'dropdown/bs-dropdown-container.component.metadata.json',
327 silly gunzTarPerm   420,
327 silly gunzTarPerm   438 ]
328 silly gunzTarPerm extractEntry dropdown/bs-dropdown.config.js.map
329 silly gunzTarPerm modified mode [ 'dropdown/bs-dropdown.config.js.map', 420, 438 ]
330 silly gunzTarPerm extractEntry dropdown/bs-dropdown.config.metadata.json
331 silly gunzTarPerm modified mode [ 'dropdown/bs-dropdown.config.metadata.json', 420, 438 ]
332 silly gunzTarPerm extractEntry dropdown/bs-dropdown-menu.directive.d.ts
333 silly gunzTarPerm modified mode [ 'dropdown/bs-dropdown-menu.directive.d.ts', 420, 438 ]
334 silly gunzTarPerm extractEntry dropdown/bs-dropdown-container.component.d.ts
335 silly gunzTarPerm modified mode [ 'dropdown/bs-dropdown-container.component.d.ts', 420, 438 ]
336 silly gunzTarPerm extractEntry dropdown/bs-dropdown.directive.js.map
337 silly gunzTarPerm modified mode [ 'dropdown/bs-dropdown.directive.js.map', 420, 438 ]
338 silly gunzTarPerm extractEntry dropdown/bs-dropdown.directive.metadata.json
339 silly gunzTarPerm modified mode [ 'dropdown/bs-dropdown.directive.metadata.json', 420, 438 ]
340 silly gunzTarPerm extractEntry dropdown/bs-dropdown.module.d.ts
341 silly gunzTarPerm modified mode [ 'dropdown/bs-dropdown.module.d.ts', 420, 438 ]
342 silly gunzTarPerm extractEntry dropdown/bs-dropdown-menu.directive.js.map
343 silly gunzTarPerm modified mode [ 'dropdown/bs-dropdown-menu.directive.js.map', 420, 438 ]
344 silly gunzTarPerm extractEntry dropdown/bs-dropdown.module.js.map
345 silly gunzTarPerm modified mode [ 'dropdown/bs-dropdown.module.js.map', 420, 438 ]
346 silly gunzTarPerm extractEntry dropdown/bs-dropdown.module.metadata.json
347 silly gunzTarPerm modified mode [ 'dropdown/bs-dropdown.module.metadata.json', 420, 438 ]
348 silly gunzTarPerm extractEntry dropdown/bs-dropdown.state.d.ts
349 silly gunzTarPerm modified mode [ 'dropdown/bs-dropdown.state.d.ts', 420, 438 ]
350 silly gunzTarPerm extractEntry dropdown/bs-dropdown-menu.directive.metadata.json
351 silly gunzTarPerm modified mode [ 'dropdown/bs-dropdown-menu.directive.metadata.json', 420, 438 ]
352 silly gunzTarPerm extractEntry dropdown/bs-dropdown.state.js.map
353 silly gunzTarPerm modified mode [ 'dropdown/bs-dropdown.state.js.map', 420, 438 ]
354 silly gunzTarPerm extractEntry dropdown/bs-dropdown.state.metadata.json
355 silly gunzTarPerm modified mode [ 'dropdown/bs-dropdown.state.metadata.json', 420, 438 ]
356 silly gunzTarPerm extractEntry dropdown/index.d.ts
357 silly gunzTarPerm modified mode [ 'dropdown/index.d.ts', 420, 438 ]
358 silly gunzTarPerm extractEntry dropdown/bs-dropdown-toggle.directive.d.ts
359 silly gunzTarPerm modified mode [ 'dropdown/bs-dropdown-toggle.directive.d.ts', 420, 438 ]
360 silly gunzTarPerm extractEntry dropdown/index.js.map
361 silly gunzTarPerm modified mode [ 'dropdown/index.js.map', 420, 438 ]
362 silly gunzTarPerm extractEntry dropdown/index.metadata.json
363 silly gunzTarPerm modified mode [ 'dropdown/index.metadata.json', 420, 438 ]
364 silly gunzTarPerm extractEntry index.d.ts
365 silly gunzTarPerm modified mode [ 'index.d.ts', 420, 438 ]
366 silly gunzTarPerm extractEntry CHANGELOG.md
367 silly gunzTarPerm modified mode [ 'CHANGELOG.md', 420, 438 ]
368 silly gunzTarPerm extractEntry index.js.map
369 silly gunzTarPerm modified mode [ 'index.js.map', 420, 438 ]
370 silly gunzTarPerm extractEntry index.metadata.json
371 silly gunzTarPerm modified mode [ 'index.metadata.json', 420, 438 ]
372 silly gunzTarPerm extractEntry modal/modal-backdrop.component.js
373 silly gunzTarPerm modified mode [ 'modal/modal-backdrop.component.js', 420, 438 ]
374 silly gunzTarPerm extractEntry modal/modal-options.class.js
375 silly gunzTarPerm modified mode [ 'modal/modal-options.class.js', 420, 438 ]
376 silly gunzTarPerm extractEntry modal/index.js
377 silly gunzTarPerm modified mode [ 'modal/index.js', 420, 438 ]
378 silly gunzTarPerm extractEntry modal/modal.component.js
379 silly gunzTarPerm modified mode [ 'modal/modal.component.js', 420, 438 ]
380 silly gunzTarPerm extractEntry modal/modal.module.js
381 silly gunzTarPerm modified mode [ 'modal/modal.module.js', 420, 438 ]
382 silly gunzTarPerm extractEntry modal/modal-options.class.js.map
383 silly gunzTarPerm modified mode [ 'modal/modal-options.class.js.map', 420, 438 ]
384 silly gunzTarPerm extractEntry modal/modal-backdrop.component.js.map
385 silly gunzTarPerm modified mode [ 'modal/modal-backdrop.component.js.map', 420, 438 ]
386 silly gunzTarPerm extractEntry modal/modal-backdrop.component.metadata.json
387 silly gunzTarPerm modified mode [ 'modal/modal-backdrop.component.metadata.json', 420, 438 ]
388 silly gunzTarPerm extractEntry modal/modal-options.class.d.ts
389 silly gunzTarPerm modified mode [ 'modal/modal-options.class.d.ts', 420, 438 ]
390 silly gunzTarPerm extractEntry modal/index.js.map
391 silly gunzTarPerm modified mode [ 'modal/index.js.map', 420, 438 ]
392 silly gunzTarPerm extractEntry modal/index.metadata.json
393 silly gunzTarPerm modified mode [ 'modal/index.metadata.json', 420, 438 ]
394 silly gunzTarPerm extractEntry modal/modal-options.class.metadata.json
395 silly gunzTarPerm modified mode [ 'modal/modal-options.class.metadata.json', 420, 438 ]
396 silly gunzTarPerm extractEntry modal/modal.component.d.ts
397 silly gunzTarPerm modified mode [ 'modal/modal.component.d.ts', 420, 438 ]
398 silly gunzTarPerm extractEntry modal/modal-backdrop.component.d.ts
399 silly gunzTarPerm modified mode [ 'modal/modal-backdrop.component.d.ts', 420, 438 ]
400 silly gunzTarPerm extractEntry modal/modal.component.js.map
401 silly gunzTarPerm modified mode [ 'modal/modal.component.js.map', 420, 438 ]
402 silly gunzTarPerm extractEntry modal/modal.component.metadata.json
403 silly gunzTarPerm modified mode [ 'modal/modal.component.metadata.json', 420, 438 ]
404 silly gunzTarPerm extractEntry modal/modal.module.d.ts
405 silly gunzTarPerm modified mode [ 'modal/modal.module.d.ts', 420, 438 ]
406 silly gunzTarPerm extractEntry modal/index.d.ts
407 silly gunzTarPerm modified mode [ 'modal/index.d.ts', 420, 438 ]
408 silly gunzTarPerm extractEntry modal/modal.module.js.map
409 silly gunzTarPerm modified mode [ 'modal/modal.module.js.map', 420, 438 ]
410 silly gunzTarPerm extractEntry modal/modal.module.metadata.json
411 silly gunzTarPerm modified mode [ 'modal/modal.module.metadata.json', 420, 438 ]
412 silly gunzTarPerm extractEntry accordion/accordion.component.js
413 silly gunzTarPerm modified mode [ 'accordion/accordion.component.js', 420, 438 ]
414 silly gunzTarPerm extractEntry accordion/accordion.config.js
415 silly gunzTarPerm modified mode [ 'accordion/accordion.config.js', 420, 438 ]
416 silly gunzTarPerm extractEntry accordion/accordion-group.component.js
417 silly gunzTarPerm modified mode [ 'accordion/accordion-group.component.js', 420, 438 ]
418 silly gunzTarPerm extractEntry accordion/accordion.module.js
419 silly gunzTarPerm modified mode [ 'accordion/accordion.module.js', 420, 438 ]
420 silly gunzTarPerm extractEntry accordion/index.js
421 silly gunzTarPerm modified mode [ 'accordion/index.js', 420, 438 ]
422 silly gunzTarPerm extractEntry accordion/accordion.config.js.map
423 silly gunzTarPerm modified mode [ 'accordion/accordion.config.js.map', 420, 438 ]
424 silly gunzTarPerm extractEntry accordion/accordion.component.js.map
425 silly gunzTarPerm modified mode [ 'accordion/accordion.component.js.map', 420, 438 ]
426 silly gunzTarPerm extractEntry accordion/accordion.component.metadata.json
427 silly gunzTarPerm modified mode [ 'accordion/accordion.component.metadata.json', 420, 438 ]
428 silly gunzTarPerm extractEntry accordion/accordion.config.d.ts
429 silly gunzTarPerm modified mode [ 'accordion/accordion.config.d.ts', 420, 438 ]
430 silly gunzTarPerm extractEntry accordion/accordion-group.component.js.map
431 silly gunzTarPerm modified mode [ 'accordion/accordion-group.component.js.map', 420, 438 ]
432 silly gunzTarPerm extractEntry accordion/accordion-group.component.metadata.json
433 silly gunzTarPerm modified mode [ 'accordion/accordion-group.component.metadata.json', 420, 438 ]
434 silly gunzTarPerm extractEntry accordion/accordion.config.metadata.json
435 silly gunzTarPerm modified mode [ 'accordion/accordion.config.metadata.json', 420, 438 ]
436 silly gunzTarPerm extractEntry accordion/accordion.module.d.ts
437 silly gunzTarPerm modified mode [ 'accordion/accordion.module.d.ts', 420, 438 ]
438 silly gunzTarPerm extractEntry accordion/accordion.component.d.ts
439 silly gunzTarPerm modified mode [ 'accordion/accordion.component.d.ts', 420, 438 ]
440 silly gunzTarPerm extractEntry accordion/accordion.module.js.map
441 silly gunzTarPerm modified mode [ 'accordion/accordion.module.js.map', 420, 438 ]
442 silly gunzTarPerm extractEntry accordion/accordion.module.metadata.json
443 silly gunzTarPerm modified mode [ 'accordion/accordion.module.metadata.json', 420, 438 ]
444 silly gunzTarPerm extractEntry accordion/index.d.ts
445 silly gunzTarPerm modified mode [ 'accordion/index.d.ts', 420, 438 ]
446 silly gunzTarPerm extractEntry accordion/accordion-group.component.d.ts
447 silly gunzTarPerm modified mode [ 'accordion/accordion-group.component.d.ts', 420, 438 ]
448 silly gunzTarPerm extractEntry accordion/index.js.map
449 silly gunzTarPerm modified mode [ 'accordion/index.js.map', 420, 438 ]
450 silly gunzTarPerm extractEntry accordion/index.metadata.json
451 silly gunzTarPerm modified mode [ 'accordion/index.metadata.json', 420, 438 ]
452 silly gunzTarPerm extractEntry alert/alert.config.js
453 silly gunzTarPerm modified mode [ 'alert/alert.config.js', 420, 438 ]
454 silly gunzTarPerm extractEntry alert/alert.component.js
455 silly gunzTarPerm modified mode [ 'alert/alert.component.js', 420, 438 ]
456 silly gunzTarPerm extractEntry alert/alert.module.js
457 silly gunzTarPerm modified mode [ 'alert/alert.module.js', 420, 438 ]
458 silly gunzTarPerm extractEntry alert/index.js
459 silly gunzTarPerm modified mode [ 'alert/index.js', 420, 438 ]
460 silly gunzTarPerm extractEntry alert/alert.module.d.ts
461 silly gunzTarPerm modified mode [ 'alert/alert.module.d.ts', 420, 438 ]
462 silly gunzTarPerm extractEntry alert/alert.component.d.ts
463 silly gunzTarPerm modified mode [ 'alert/alert.component.d.ts', 420, 438 ]
464 silly gunzTarPerm extractEntry alert/alert.config.js.map
465 silly gunzTarPerm modified mode [ 'alert/alert.config.js.map', 420, 438 ]
466 silly gunzTarPerm extractEntry alert/alert.config.metadata.json
467 silly gunzTarPerm modified mode [ 'alert/alert.config.metadata.json', 420, 438 ]
468 silly gunzTarPerm extractEntry alert/alert.component.js.map
469 silly gunzTarPerm modified mode [ 'alert/alert.component.js.map', 420, 438 ]
470 silly gunzTarPerm extractEntry alert/alert.component.metadata.json
471 silly gunzTarPerm modified mode [ 'alert/alert.component.metadata.json', 420, 438 ]
472 silly gunzTarPerm extractEntry alert/alert.module.js.map
473 silly gunzTarPerm modified mode [ 'alert/alert.module.js.map', 420, 438 ]
474 silly gunzTarPerm extractEntry alert/alert.module.metadata.json
475 silly gunzTarPerm modified mode [ 'alert/alert.module.metadata.json', 420, 438 ]
476 silly gunzTarPerm extractEntry alert/index.d.ts
477 silly gunzTarPerm modified mode [ 'alert/index.d.ts', 420, 438 ]
478 silly gunzTarPerm extractEntry alert/alert.config.d.ts
479 silly gunzTarPerm modified mode [ 'alert/alert.config.d.ts', 420, 438 ]
480 silly gunzTarPerm extractEntry alert/index.js.map
481 silly gunzTarPerm modified mode [ 'alert/index.js.map', 420, 438 ]
482 silly gunzTarPerm extractEntry alert/index.metadata.json
483 silly gunzTarPerm modified mode [ 'alert/index.metadata.json', 420, 438 ]
484 silly gunzTarPerm extractEntry ng2-bootstrap.js.map
485 silly gunzTarPerm modified mode [ 'ng2-bootstrap.js.map', 420, 438 ]
486 silly gunzTarPerm extractEntry ng2-bootstrap.metadata.json
487 silly gunzTarPerm modified mode [ 'ng2-bootstrap.metadata.json', 420, 438 ]
488 silly gunzTarPerm extractEntry typeahead/latin-map.js
489 silly gunzTarPerm modified mode [ 'typeahead/latin-map.js', 420, 438 ]
490 silly gunzTarPerm extractEntry typeahead/typeahead-container.component.js
491 silly gunzTarPerm modified mode [ 'typeahead/typeahead-container.component.js', 420, 438 ]
492 silly gunzTarPerm extractEntry typeahead/typeahead-match.class.js
493 silly gunzTarPerm modified mode [ 'typeahead/typeahead-match.class.js', 420, 438 ]
494 silly gunzTarPerm extractEntry typeahead/index.js
495 silly gunzTarPerm modified mode [ 'typeahead/index.js', 420, 438 ]
496 silly gunzTarPerm extractEntry typeahead/typeahead-options.class.js
497 silly gunzTarPerm modified mode [ 'typeahead/typeahead-options.class.js', 420, 438 ]
498 silly gunzTarPerm extractEntry typeahead/typeahead-utils.js
499 silly gunzTarPerm modified mode [ 'typeahead/typeahead-utils.js', 420, 438 ]
500 silly gunzTarPerm extractEntry typeahead/typeahead.directive.js
501 silly gunzTarPerm modified mode [ 'typeahead/typeahead.directive.js', 420, 438 ]
502 silly gunzTarPerm extractEntry typeahead/typeahead.module.js
503 silly gunzTarPerm modified mode [ 'typeahead/typeahead.module.js', 420, 438 ]
504 silly gunzTarPerm extractEntry typeahead/typeahead-options.class.d.ts
505 silly gunzTarPerm modified mode [ 'typeahead/typeahead-options.class.d.ts', 420, 438 ]
506 silly gunzTarPerm extractEntry typeahead/index.js.map
507 silly gunzTarPerm modified mode [ 'typeahead/index.js.map', 420, 438 ]
508 silly gunzTarPerm extractEntry typeahead/typeahead-container.component.js.map
509 silly gunzTarPerm modified mode [ 'typeahead/typeahead-container.component.js.map', 420, 438 ]
510 silly gunzTarPerm extractEntry typeahead/typeahead-container.component.metadata.json
511 silly gunzTarPerm modified mode [ 'typeahead/typeahead-container.component.metadata.json',
511 silly gunzTarPerm   420,
511 silly gunzTarPerm   438 ]
512 silly gunzTarPerm extractEntry typeahead/typeahead-match.class.d.ts
513 silly gunzTarPerm modified mode [ 'typeahead/typeahead-match.class.d.ts', 420, 438 ]
514 silly gunzTarPerm extractEntry typeahead/index.metadata.json
515 silly gunzTarPerm modified mode [ 'typeahead/index.metadata.json', 420, 438 ]
516 silly gunzTarPerm extractEntry typeahead/typeahead-match.class.js.map
517 silly gunzTarPerm modified mode [ 'typeahead/typeahead-match.class.js.map', 420, 438 ]
518 silly gunzTarPerm extractEntry typeahead/typeahead-match.class.metadata.json
519 silly gunzTarPerm modified mode [ 'typeahead/typeahead-match.class.metadata.json', 420, 438 ]
520 silly gunzTarPerm extractEntry typeahead/latin-map.d.ts
521 silly gunzTarPerm modified mode [ 'typeahead/latin-map.d.ts', 420, 438 ]
522 silly gunzTarPerm extractEntry typeahead/index.d.ts
523 silly gunzTarPerm modified mode [ 'typeahead/index.d.ts', 420, 438 ]
524 silly gunzTarPerm extractEntry typeahead/typeahead-options.class.js.map
525 silly gunzTarPerm modified mode [ 'typeahead/typeahead-options.class.js.map', 420, 438 ]
526 silly gunzTarPerm extractEntry typeahead/typeahead-options.class.metadata.json
527 silly gunzTarPerm modified mode [ 'typeahead/typeahead-options.class.metadata.json', 420, 438 ]
528 silly gunzTarPerm extractEntry typeahead/typeahead-utils.d.ts
529 silly gunzTarPerm modified mode [ 'typeahead/typeahead-utils.d.ts', 420, 438 ]
530 silly gunzTarPerm extractEntry typeahead/latin-map.js.map
531 silly gunzTarPerm modified mode [ 'typeahead/latin-map.js.map', 420, 438 ]
532 silly gunzTarPerm extractEntry typeahead/typeahead-utils.js.map
533 silly gunzTarPerm modified mode [ 'typeahead/typeahead-utils.js.map', 420, 438 ]
534 silly gunzTarPerm extractEntry typeahead/typeahead-utils.metadata.json
535 silly gunzTarPerm modified mode [ 'typeahead/typeahead-utils.metadata.json', 420, 438 ]
536 silly gunzTarPerm extractEntry typeahead/typeahead.directive.d.ts
537 silly gunzTarPerm modified mode [ 'typeahead/typeahead.directive.d.ts', 420, 438 ]
538 silly gunzTarPerm extractEntry typeahead/latin-map.metadata.json
539 silly gunzTarPerm modified mode [ 'typeahead/latin-map.metadata.json', 420, 438 ]
540 silly gunzTarPerm extractEntry typeahead/typeahead.directive.js.map
541 silly gunzTarPerm modified mode [ 'typeahead/typeahead.directive.js.map', 420, 438 ]
542 silly gunzTarPerm extractEntry typeahead/typeahead.directive.metadata.json
543 silly gunzTarPerm modified mode [ 'typeahead/typeahead.directive.metadata.json', 420, 438 ]
544 silly gunzTarPerm extractEntry typeahead/typeahead.module.d.ts
545 silly gunzTarPerm modified mode [ 'typeahead/typeahead.module.d.ts', 420, 438 ]
546 silly gunzTarPerm extractEntry typeahead/typeahead-container.component.d.ts
547 silly gunzTarPerm modified mode [ 'typeahead/typeahead-container.component.d.ts', 420, 438 ]
548 silly gunzTarPerm extractEntry typeahead/typeahead.module.js.map
549 silly gunzTarPerm modified mode [ 'typeahead/typeahead.module.js.map', 420, 438 ]
550 silly gunzTarPerm extractEntry typeahead/typeahead.module.metadata.json
551 silly gunzTarPerm modified mode [ 'typeahead/typeahead.module.metadata.json', 420, 438 ]
552 silly gunzTarPerm extractEntry bundles/ngx-bootstrap.umd.js
553 silly gunzTarPerm modified mode [ 'bundles/ngx-bootstrap.umd.js', 420, 438 ]
554 silly gunzTarPerm extractEntry bundles/ngx-bootstrap.umd.min.js
555 silly gunzTarPerm modified mode [ 'bundles/ngx-bootstrap.umd.min.js', 420, 438 ]
556 silly gunzTarPerm extractEntry bundles/ngx-bootstrap.umd.js.map
557 silly gunzTarPerm modified mode [ 'bundles/ngx-bootstrap.umd.js.map', 420, 438 ]
558 silly gunzTarPerm extractEntry pagination/pager.component.js
559 silly gunzTarPerm modified mode [ 'pagination/pager.component.js', 420, 438 ]
560 silly gunzTarPerm extractEntry pagination/pagination.component.js
561 silly gunzTarPerm modified mode [ 'pagination/pagination.component.js', 420, 438 ]
562 silly gunzTarPerm extractEntry pagination/index.js
563 silly gunzTarPerm modified mode [ 'pagination/index.js', 420, 438 ]
564 silly gunzTarPerm extractEntry pagination/pagination.config.js
565 silly gunzTarPerm modified mode [ 'pagination/pagination.config.js', 420, 438 ]
566 silly gunzTarPerm extractEntry pagination/pagination.module.js
567 silly gunzTarPerm modified mode [ 'pagination/pagination.module.js', 420, 438 ]
568 silly gunzTarPerm extractEntry pagination/pagination.component.js.map
569 silly gunzTarPerm modified mode [ 'pagination/pagination.component.js.map', 420, 438 ]
570 silly gunzTarPerm extractEntry pagination/pager.component.js.map
571 silly gunzTarPerm modified mode [ 'pagination/pager.component.js.map', 420, 438 ]
572 silly gunzTarPerm extractEntry pagination/pager.component.metadata.json
573 silly gunzTarPerm modified mode [ 'pagination/pager.component.metadata.json', 420, 438 ]
574 silly gunzTarPerm extractEntry pagination/pagination.component.d.ts
575 silly gunzTarPerm modified mode [ 'pagination/pagination.component.d.ts', 420, 438 ]
576 silly gunzTarPerm extractEntry pagination/index.js.map
577 silly gunzTarPerm modified mode [ 'pagination/index.js.map', 420, 438 ]
578 silly gunzTarPerm extractEntry pagination/index.metadata.json
579 silly gunzTarPerm modified mode [ 'pagination/index.metadata.json', 420, 438 ]
580 silly gunzTarPerm extractEntry pagination/pagination.component.metadata.json
581 silly gunzTarPerm modified mode [ 'pagination/pagination.component.metadata.json', 420, 438 ]
582 silly gunzTarPerm extractEntry pagination/pagination.config.d.ts
583 silly gunzTarPerm modified mode [ 'pagination/pagination.config.d.ts', 420, 438 ]
584 silly gunzTarPerm extractEntry pagination/pager.component.d.ts
585 silly gunzTarPerm modified mode [ 'pagination/pager.component.d.ts', 420, 438 ]
586 silly gunzTarPerm extractEntry pagination/pagination.config.js.map
587 silly gunzTarPerm modified mode [ 'pagination/pagination.config.js.map', 420, 438 ]
588 silly gunzTarPerm extractEntry pagination/pagination.config.metadata.json
589 silly gunzTarPerm modified mode [ 'pagination/pagination.config.metadata.json', 420, 438 ]
590 silly gunzTarPerm extractEntry pagination/pagination.module.d.ts
591 silly gunzTarPerm modified mode [ 'pagination/pagination.module.d.ts', 420, 438 ]
592 silly gunzTarPerm extractEntry pagination/index.d.ts
593 silly gunzTarPerm modified mode [ 'pagination/index.d.ts', 420, 438 ]
594 silly gunzTarPerm extractEntry pagination/pagination.module.js.map
595 silly gunzTarPerm modified mode [ 'pagination/pagination.module.js.map', 420, 438 ]
596 silly gunzTarPerm extractEntry pagination/pagination.module.metadata.json
597 silly gunzTarPerm modified mode [ 'pagination/pagination.module.metadata.json', 420, 438 ]
598 silly gunzTarPerm extractEntry popover/popover-container.component.js
599 silly gunzTarPerm modified mode [ 'popover/popover-container.component.js', 420, 438 ]
600 silly gunzTarPerm extractEntry popover/popover.config.js
601 silly gunzTarPerm modified mode [ 'popover/popover.config.js', 420, 438 ]
602 silly gunzTarPerm extractEntry popover/index.js
603 silly gunzTarPerm modified mode [ 'popover/index.js', 420, 438 ]
604 silly gunzTarPerm extractEntry popover/popover.directive.js
605 silly gunzTarPerm modified mode [ 'popover/popover.directive.js', 420, 438 ]
606 silly gunzTarPerm extractEntry popover/popover.module.js
607 silly gunzTarPerm modified mode [ 'popover/popover.module.js', 420, 438 ]
608 silly gunzTarPerm extractEntry popover/popover.config.js.map
609 silly gunzTarPerm modified mode [ 'popover/popover.config.js.map', 420, 438 ]
610 silly gunzTarPerm extractEntry popover/popover-container.component.js.map
611 silly gunzTarPerm modified mode [ 'popover/popover-container.component.js.map', 420, 438 ]
612 silly gunzTarPerm extractEntry popover/popover-container.component.metadata.json
613 silly gunzTarPerm modified mode [ 'popover/popover-container.component.metadata.json', 420, 438 ]
614 silly gunzTarPerm extractEntry popover/popover.config.d.ts
615 silly gunzTarPerm modified mode [ 'popover/popover.config.d.ts', 420, 438 ]
616 silly gunzTarPerm extractEntry popover/index.js.map
617 silly gunzTarPerm modified mode [ 'popover/index.js.map', 420, 438 ]
618 silly gunzTarPerm extractEntry popover/index.metadata.json
619 silly gunzTarPerm modified mode [ 'popover/index.metadata.json', 420, 438 ]
620 silly gunzTarPerm extractEntry popover/popover.config.metadata.json
621 silly gunzTarPerm modified mode [ 'popover/popover.config.metadata.json', 420, 438 ]
622 silly gunzTarPerm extractEntry popover/popover.directive.d.ts
623 silly gunzTarPerm modified mode [ 'popover/popover.directive.d.ts', 420, 438 ]
624 silly gunzTarPerm extractEntry popover/popover-container.component.d.ts
625 silly gunzTarPerm modified mode [ 'popover/popover-container.component.d.ts', 420, 438 ]
626 silly gunzTarPerm extractEntry popover/popover.directive.js.map
627 silly gunzTarPerm modified mode [ 'popover/popover.directive.js.map', 420, 438 ]
628 silly gunzTarPerm extractEntry popover/popover.directive.metadata.json
629 silly gunzTarPerm modified mode [ 'popover/popover.directive.metadata.json', 420, 438 ]
630 silly gunzTarPerm extractEntry popover/popover.module.d.ts
631 silly gunzTarPerm modified mode [ 'popover/popover.module.d.ts', 420, 438 ]
632 silly gunzTarPerm extractEntry popover/index.d.ts
633 silly gunzTarPerm modified mode [ 'popover/index.d.ts', 420, 438 ]
634 silly gunzTarPerm extractEntry popover/popover.module.js.map
635 silly gunzTarPerm modified mode [ 'popover/popover.module.js.map', 420, 438 ]
636 silly gunzTarPerm extractEntry popover/popover.module.metadata.json
637 silly gunzTarPerm modified mode [ 'popover/popover.module.metadata.json', 420, 438 ]
638 silly gunzTarPerm extractEntry positioning/ng-positioning.js
639 silly gunzTarPerm modified mode [ 'positioning/ng-positioning.js', 420, 438 ]
640 silly gunzTarPerm extractEntry positioning/index.js
641 silly gunzTarPerm modified mode [ 'positioning/index.js', 420, 438 ]
642 silly gunzTarPerm extractEntry positioning/positioning.service.js
643 silly gunzTarPerm modified mode [ 'positioning/positioning.service.js', 420, 438 ]
644 silly gunzTarPerm extractEntry positioning/ng-positioning.js.map
645 silly gunzTarPerm modified mode [ 'positioning/ng-positioning.js.map', 420, 438 ]
646 silly gunzTarPerm extractEntry positioning/ng-positioning.d.ts
647 silly gunzTarPerm modified mode [ 'positioning/ng-positioning.d.ts', 420, 438 ]
648 silly gunzTarPerm extractEntry positioning/index.d.ts
649 silly gunzTarPerm modified mode [ 'positioning/index.d.ts', 420, 438 ]
650 silly gunzTarPerm extractEntry positioning/index.js.map
651 silly gunzTarPerm modified mode [ 'positioning/index.js.map', 420, 438 ]
652 silly gunzTarPerm extractEntry positioning/ng-positioning.metadata.json
653 silly gunzTarPerm modified mode [ 'positioning/ng-positioning.metadata.json', 420, 438 ]
654 silly gunzTarPerm extractEntry positioning/positioning.service.d.ts
655 silly gunzTarPerm modified mode [ 'positioning/positioning.service.d.ts', 420, 438 ]
656 silly gunzTarPerm extractEntry positioning/index.metadata.json
657 silly gunzTarPerm modified mode [ 'positioning/index.metadata.json', 420, 438 ]
658 silly gunzTarPerm extractEntry positioning/positioning.service.js.map
659 silly gunzTarPerm modified mode [ 'positioning/positioning.service.js.map', 420, 438 ]
660 silly gunzTarPerm extractEntry positioning/positioning.service.metadata.json
661 silly gunzTarPerm modified mode [ 'positioning/positioning.service.metadata.json', 420, 438 ]
662 silly gunzTarPerm extractEntry progressbar/index.js
663 silly gunzTarPerm modified mode [ 'progressbar/index.js', 420, 438 ]
664 silly gunzTarPerm extractEntry progressbar/progress.directive.js
665 silly gunzTarPerm modified mode [ 'progressbar/progress.directive.js', 420, 438 ]
666 silly gunzTarPerm extractEntry progressbar/bar.component.js
667 silly gunzTarPerm modified mode [ 'progressbar/bar.component.js', 420, 438 ]
668 silly gunzTarPerm extractEntry progressbar/progressbar.component.js
669 silly gunzTarPerm modified mode [ 'progressbar/progressbar.component.js', 420, 438 ]
670 silly gunzTarPerm extractEntry progressbar/progressbar.config.js
671 silly gunzTarPerm modified mode [ 'progressbar/progressbar.config.js', 420, 438 ]
672 silly gunzTarPerm extractEntry progressbar/progressbar.module.js
673 silly gunzTarPerm modified mode [ 'progressbar/progressbar.module.js', 420, 438 ]
674 silly gunzTarPerm extractEntry progressbar/progressbar.component.d.ts
675 silly gunzTarPerm modified mode [ 'progressbar/progressbar.component.d.ts', 420, 438 ]
676 silly gunzTarPerm extractEntry progressbar/index.metadata.json
677 silly gunzTarPerm modified mode [ 'progressbar/index.metadata.json', 420, 438 ]
678 silly gunzTarPerm extractEntry progressbar/progress.directive.d.ts
679 silly gunzTarPerm modified mode [ 'progressbar/progress.directive.d.ts', 420, 438 ]
680 silly gunzTarPerm extractEntry progressbar/bar.component.js.map
681 silly gunzTarPerm modified mode [ 'progressbar/bar.component.js.map', 420, 438 ]
682 silly gunzTarPerm extractEntry progressbar/progress.directive.js.map
683 silly gunzTarPerm modified mode [ 'progressbar/progress.directive.js.map', 420, 438 ]
684 silly gunzTarPerm extractEntry progressbar/progress.directive.metadata.json
685 silly gunzTarPerm modified mode [ 'progressbar/progress.directive.metadata.json', 420, 438 ]
686 silly gunzTarPerm extractEntry progressbar/bar.component.metadata.json
687 silly gunzTarPerm modified mode [ 'progressbar/bar.component.metadata.json', 420, 438 ]
688 silly gunzTarPerm extractEntry progressbar/index.d.ts
689 silly gunzTarPerm modified mode [ 'progressbar/index.d.ts', 420, 438 ]
690 silly gunzTarPerm extractEntry progressbar/progressbar.component.js.map
691 silly gunzTarPerm modified mode [ 'progressbar/progressbar.component.js.map', 420, 438 ]
692 silly gunzTarPerm extractEntry progressbar/progressbar.component.metadata.json
693 silly gunzTarPerm modified mode [ 'progressbar/progressbar.component.metadata.json', 420, 438 ]
694 silly gunzTarPerm extractEntry progressbar/progressbar.config.d.ts
695 silly gunzTarPerm modified mode [ 'progressbar/progressbar.config.d.ts', 420, 438 ]
696 silly gunzTarPerm extractEntry progressbar/bar.component.d.ts
697 silly gunzTarPerm modified mode [ 'progressbar/bar.component.d.ts', 420, 438 ]
698 silly gunzTarPerm extractEntry progressbar/progressbar.config.js.map
699 silly gunzTarPerm modified mode [ 'progressbar/progressbar.config.js.map', 420, 438 ]
700 silly gunzTarPerm extractEntry progressbar/progressbar.config.metadata.json
701 silly gunzTarPerm modified mode [ 'progressbar/progressbar.config.metadata.json', 420, 438 ]
702 silly gunzTarPerm extractEntry progressbar/progressbar.module.d.ts
703 silly gunzTarPerm modified mode [ 'progressbar/progressbar.module.d.ts', 420, 438 ]
704 silly gunzTarPerm extractEntry progressbar/index.js.map
705 silly gunzTarPerm modified mode [ 'progressbar/index.js.map', 420, 438 ]
706 silly gunzTarPerm extractEntry progressbar/progressbar.module.js.map
707 silly gunzTarPerm modified mode [ 'progressbar/progressbar.module.js.map', 420, 438 ]
708 silly gunzTarPerm extractEntry progressbar/progressbar.module.metadata.json
709 silly gunzTarPerm modified mode [ 'progressbar/progressbar.module.metadata.json', 420, 438 ]
710 silly gunzTarPerm extractEntry rating/rating.component.js
711 silly gunzTarPerm modified mode [ 'rating/rating.component.js', 420, 438 ]
712 silly gunzTarPerm extractEntry rating/index.js
713 silly gunzTarPerm modified mode [ 'rating/index.js', 420, 438 ]
714 silly gunzTarPerm extractEntry rating/rating.module.js
715 silly gunzTarPerm modified mode [ 'rating/rating.module.js', 420, 438 ]
716 silly gunzTarPerm extractEntry rating/rating.component.js.map
717 silly gunzTarPerm modified mode [ 'rating/rating.component.js.map', 420, 438 ]
718 silly gunzTarPerm extractEntry rating/rating.component.d.ts
719 silly gunzTarPerm modified mode [ 'rating/rating.component.d.ts', 420, 438 ]
720 silly gunzTarPerm extractEntry rating/index.d.ts
721 silly gunzTarPerm modified mode [ 'rating/index.d.ts', 420, 438 ]
722 silly gunzTarPerm extractEntry rating/index.js.map
723 silly gunzTarPerm modified mode [ 'rating/index.js.map', 420, 438 ]
724 silly gunzTarPerm extractEntry rating/rating.component.metadata.json
725 silly gunzTarPerm modified mode [ 'rating/rating.component.metadata.json', 420, 438 ]
726 silly gunzTarPerm extractEntry rating/rating.module.d.ts
727 silly gunzTarPerm modified mode [ 'rating/rating.module.d.ts', 420, 438 ]
728 silly gunzTarPerm extractEntry rating/index.metadata.json
729 silly gunzTarPerm modified mode [ 'rating/index.metadata.json', 420, 438 ]
730 silly gunzTarPerm extractEntry rating/rating.module.js.map
731 silly gunzTarPerm modified mode [ 'rating/rating.module.js.map', 420, 438 ]
732 silly gunzTarPerm extractEntry rating/rating.module.metadata.json
733 silly gunzTarPerm modified mode [ 'rating/rating.module.metadata.json', 420, 438 ]
734 silly gunzTarPerm extractEntry sortable/draggable-item.service.js
735 silly gunzTarPerm modified mode [ 'sortable/draggable-item.service.js', 420, 438 ]
736 silly gunzTarPerm extractEntry sortable/index.js
737 silly gunzTarPerm modified mode [ 'sortable/index.js', 420, 438 ]
738 silly gunzTarPerm extractEntry sortable/draggable-item.js
739 silly gunzTarPerm modified mode [ 'sortable/draggable-item.js', 420, 438 ]
740 silly gunzTarPerm extractEntry sortable/sortable.component.js
741 silly gunzTarPerm modified mode [ 'sortable/sortable.component.js', 420, 438 ]
742 silly gunzTarPerm extractEntry sortable/sortable.module.js
743 silly gunzTarPerm modified mode [ 'sortable/sortable.module.js', 420, 438 ]
744 silly gunzTarPerm extractEntry sortable/index.js.map
745 silly gunzTarPerm modified mode [ 'sortable/index.js.map', 420, 438 ]
746 silly gunzTarPerm extractEntry sortable/draggable-item.service.metadata.json
747 silly gunzTarPerm modified mode [ 'sortable/draggable-item.service.metadata.json', 420, 438 ]
748 silly gunzTarPerm extractEntry sortable/index.d.ts
749 silly gunzTarPerm modified mode [ 'sortable/index.d.ts', 420, 438 ]
750 silly gunzTarPerm extractEntry sortable/draggable-item.js.map
751 silly gunzTarPerm modified mode [ 'sortable/draggable-item.js.map', 420, 438 ]
752 silly gunzTarPerm extractEntry sortable/draggable-item.service.d.ts
753 silly gunzTarPerm modified mode [ 'sortable/draggable-item.service.d.ts', 420, 438 ]
754 silly gunzTarPerm extractEntry sortable/index.metadata.json
755 silly gunzTarPerm modified mode [ 'sortable/index.metadata.json', 420, 438 ]
756 silly gunzTarPerm extractEntry sortable/sortable.component.d.ts
757 silly gunzTarPerm modified mode [ 'sortable/sortable.component.d.ts', 420, 438 ]
758 silly gunzTarPerm extractEntry sortable/draggable-item.d.ts
759 silly gunzTarPerm modified mode [ 'sortable/draggable-item.d.ts', 420, 438 ]
760 silly gunzTarPerm extractEntry sortable/sortable.component.js.map
761 silly gunzTarPerm modified mode [ 'sortable/sortable.component.js.map', 420, 438 ]
762 silly gunzTarPerm extractEntry sortable/sortable.component.metadata.json
763 silly gunzTarPerm modified mode [ 'sortable/sortable.component.metadata.json', 420, 438 ]
764 silly gunzTarPerm extractEntry sortable/sortable.module.d.ts
765 silly gunzTarPerm modified mode [ 'sortable/sortable.module.d.ts', 420, 438 ]
766 silly gunzTarPerm extractEntry sortable/draggable-item.service.js.map
767 silly gunzTarPerm modified mode [ 'sortable/draggable-item.service.js.map', 420, 438 ]
768 silly gunzTarPerm extractEntry sortable/sortable.module.js.map
769 silly gunzTarPerm modified mode [ 'sortable/sortable.module.js.map', 420, 438 ]
770 silly gunzTarPerm extractEntry sortable/sortable.module.metadata.json
771 silly gunzTarPerm modified mode [ 'sortable/sortable.module.metadata.json', 420, 438 ]
772 silly gunzTarPerm extractEntry tabs/ng-transclude.directive.js
773 silly gunzTarPerm modified mode [ 'tabs/ng-transclude.directive.js', 420, 438 ]
774 silly gunzTarPerm extractEntry tabs/tab-heading.directive.js
775 silly gunzTarPerm modified mode [ 'tabs/tab-heading.directive.js', 420, 438 ]
776 silly gunzTarPerm extractEntry tabs/tab.directive.js
777 silly gunzTarPerm modified mode [ 'tabs/tab.directive.js', 420, 438 ]
778 silly gunzTarPerm extractEntry tabs/index.js
779 silly gunzTarPerm modified mode [ 'tabs/index.js', 420, 438 ]
780 silly gunzTarPerm extractEntry tabs/tabs.module.js
781 silly gunzTarPerm modified mode [ 'tabs/tabs.module.js', 420, 438 ]
782 silly gunzTarPerm extractEntry tabs/tabset.component.js
783 silly gunzTarPerm modified mode [ 'tabs/tabset.component.js', 420, 438 ]
784 silly gunzTarPerm extractEntry tabs/tabset.config.js
785 silly gunzTarPerm modified mode [ 'tabs/tabset.config.js', 420, 438 ]
786 silly gunzTarPerm extractEntry tabs/tab.directive.js.map
787 silly gunzTarPerm modified mode [ 'tabs/tab.directive.js.map', 420, 438 ]
788 silly gunzTarPerm extractEntry tabs/tab-heading.directive.d.ts
789 silly gunzTarPerm modified mode [ 'tabs/tab-heading.directive.d.ts', 420, 438 ]
790 silly gunzTarPerm extractEntry tabs/index.js.map
791 silly gunzTarPerm modified mode [ 'tabs/index.js.map', 420, 438 ]
792 silly gunzTarPerm extractEntry tabs/tab-heading.directive.js.map
793 silly gunzTarPerm modified mode [ 'tabs/tab-heading.directive.js.map', 420, 438 ]
794 silly gunzTarPerm extractEntry tabs/tab-heading.directive.metadata.json
795 silly gunzTarPerm modified mode [ 'tabs/tab-heading.directive.metadata.json', 420, 438 ]
796 silly gunzTarPerm extractEntry tabs/tab.directive.d.ts
797 silly gunzTarPerm modified mode [ 'tabs/tab.directive.d.ts', 420, 438 ]
798 silly gunzTarPerm extractEntry tabs/index.metadata.json
799 silly gunzTarPerm modified mode [ 'tabs/index.metadata.json', 420, 438 ]
800 silly gunzTarPerm extractEntry tabs/ng-transclude.directive.d.ts
801 silly gunzTarPerm modified mode [ 'tabs/ng-transclude.directive.d.ts', 420, 438 ]
802 silly gunzTarPerm extractEntry tabs/tab.directive.metadata.json
803 silly gunzTarPerm modified mode [ 'tabs/tab.directive.metadata.json', 420, 438 ]
804 silly gunzTarPerm extractEntry tabs/tabs.module.d.ts
805 silly gunzTarPerm modified mode [ 'tabs/tabs.module.d.ts', 420, 438 ]
806 silly gunzTarPerm extractEntry tabs/index.d.ts
807 silly gunzTarPerm modified mode [ 'tabs/index.d.ts', 420, 438 ]
808 silly gunzTarPerm extractEntry tabs/tabs.module.js.map
809 silly gunzTarPerm modified mode [ 'tabs/tabs.module.js.map', 420, 438 ]
810 silly gunzTarPerm extractEntry tabs/tabs.module.metadata.json
811 silly gunzTarPerm modified mode [ 'tabs/tabs.module.metadata.json', 420, 438 ]
812 silly gunzTarPerm extractEntry tabs/tabset.component.d.ts
813 silly gunzTarPerm modified mode [ 'tabs/tabset.component.d.ts', 420, 438 ]
814 silly gunzTarPerm extractEntry tabs/ng-transclude.directive.js.map
815 silly gunzTarPerm modified mode [ 'tabs/ng-transclude.directive.js.map', 420, 438 ]
816 silly gunzTarPerm extractEntry tabs/tabset.component.js.map
817 silly gunzTarPerm modified mode [ 'tabs/tabset.component.js.map', 420, 438 ]
818 silly gunzTarPerm extractEntry tabs/tabset.component.metadata.json
819 silly gunzTarPerm modified mode [ 'tabs/tabset.component.metadata.json', 420, 438 ]
820 silly gunzTarPerm extractEntry tabs/tabset.config.d.ts
821 silly gunzTarPerm modified mode [ 'tabs/tabset.config.d.ts', 420, 438 ]
822 silly gunzTarPerm extractEntry tabs/ng-transclude.directive.metadata.json
823 silly gunzTarPerm modified mode [ 'tabs/ng-transclude.directive.metadata.json', 420, 438 ]
824 silly gunzTarPerm extractEntry tabs/tabset.config.js.map
825 silly gunzTarPerm modified mode [ 'tabs/tabset.config.js.map', 420, 438 ]
826 silly gunzTarPerm extractEntry tabs/tabset.config.metadata.json
827 silly gunzTarPerm modified mode [ 'tabs/tabset.config.metadata.json', 420, 438 ]
828 silly gunzTarPerm extractEntry timepicker/timepicker.component.js
829 silly gunzTarPerm modified mode [ 'timepicker/timepicker.component.js', 420, 438 ]
830 silly gunzTarPerm extractEntry timepicker/index.js
831 silly gunzTarPerm modified mode [ 'timepicker/index.js', 420, 438 ]
832 silly gunzTarPerm extractEntry timepicker/timepicker.config.js
833 silly gunzTarPerm modified mode [ 'timepicker/timepicker.config.js', 420, 438 ]
834 silly gunzTarPerm extractEntry timepicker/timepicker.module.js
835 silly gunzTarPerm modified mode [ 'timepicker/timepicker.module.js', 420, 438 ]
836 silly gunzTarPerm extractEntry timepicker/timepicker.config.d.ts
837 silly gunzTarPerm modified mode [ 'timepicker/timepicker.config.d.ts', 420, 438 ]
838 silly gunzTarPerm extractEntry timepicker/index.d.ts
839 silly gunzTarPerm modified mode [ 'timepicker/index.d.ts', 420, 438 ]
840 silly gunzTarPerm extractEntry timepicker/timepicker.component.js.map
841 silly gunzTarPerm modified mode [ 'timepicker/timepicker.component.js.map', 420, 438 ]
842 silly gunzTarPerm extractEntry timepicker/timepicker.component.metadata.json
843 silly gunzTarPerm modified mode [ 'timepicker/timepicker.component.metadata.json', 420, 438 ]
844 silly gunzTarPerm extractEntry timepicker/index.js.map
845 silly gunzTarPerm modified mode [ 'timepicker/index.js.map', 420, 438 ]
846 silly gunzTarPerm extractEntry timepicker/index.metadata.json
847 silly gunzTarPerm modified mode [ 'timepicker/index.metadata.json', 420, 438 ]
848 silly gunzTarPerm extractEntry timepicker/timepicker.config.js.map
849 silly gunzTarPerm modified mode [ 'timepicker/timepicker.config.js.map', 420, 438 ]
850 silly gunzTarPerm extractEntry timepicker/timepicker.config.metadata.json
851 silly gunzTarPerm modified mode [ 'timepicker/timepicker.config.metadata.json', 420, 438 ]
852 silly gunzTarPerm extractEntry timepicker/timepicker.module.d.ts
853 silly gunzTarPerm modified mode [ 'timepicker/timepicker.module.d.ts', 420, 438 ]
854 silly gunzTarPerm extractEntry timepicker/timepicker.component.d.ts
855 silly gunzTarPerm modified mode [ 'timepicker/timepicker.component.d.ts', 420, 438 ]
856 silly gunzTarPerm extractEntry timepicker/timepicker.module.js.map
857 silly gunzTarPerm modified mode [ 'timepicker/timepicker.module.js.map', 420, 438 ]
858 silly gunzTarPerm extractEntry timepicker/timepicker.module.metadata.json
859 silly gunzTarPerm modified mode [ 'timepicker/timepicker.module.metadata.json', 420, 438 ]
860 silly gunzTarPerm extractEntry todo.md
861 silly gunzTarPerm modified mode [ 'todo.md', 420, 438 ]
862 silly gunzTarPerm extractEntry tooltip/tooltip-container.component.js
863 silly gunzTarPerm modified mode [ 'tooltip/tooltip-container.component.js', 420, 438 ]
864 silly gunzTarPerm extractEntry tooltip/tooltip.config.js
865 silly gunzTarPerm modified mode [ 'tooltip/tooltip.config.js', 420, 438 ]
866 silly gunzTarPerm extractEntry tooltip/index.js
867 silly gunzTarPerm modified mode [ 'tooltip/index.js', 420, 438 ]
868 silly gunzTarPerm extractEntry tooltip/tooltip.directive.js
869 silly gunzTarPerm modified mode [ 'tooltip/tooltip.directive.js', 420, 438 ]
870 silly gunzTarPerm extractEntry tooltip/tooltip.module.js
871 silly gunzTarPerm modified mode [ 'tooltip/tooltip.module.js', 420, 438 ]
872 silly gunzTarPerm extractEntry tooltip/tooltip.config.js.map
873 silly gunzTarPerm modified mode [ 'tooltip/tooltip.config.js.map', 420, 438 ]
874 silly gunzTarPerm extractEntry tooltip/tooltip-container.component.js.map
875 silly gunzTarPerm modified mode [ 'tooltip/tooltip-container.component.js.map', 420, 438 ]
876 silly gunzTarPerm extractEntry tooltip/tooltip-container.component.metadata.json
877 silly gunzTarPerm modified mode [ 'tooltip/tooltip-container.component.metadata.json', 420, 438 ]
878 silly gunzTarPerm extractEntry tooltip/tooltip.config.d.ts
879 silly gunzTarPerm modified mode [ 'tooltip/tooltip.config.d.ts', 420, 438 ]
880 silly gunzTarPerm extractEntry tooltip/index.js.map
881 silly gunzTarPerm modified mode [ 'tooltip/index.js.map', 420, 438 ]
882 silly gunzTarPerm extractEntry tooltip/index.metadata.json
883 silly gunzTarPerm modified mode [ 'tooltip/index.metadata.json', 420, 438 ]
884 silly gunzTarPerm extractEntry tooltip/tooltip.config.metadata.json
885 silly gunzTarPerm modified mode [ 'tooltip/tooltip.config.metadata.json', 420, 438 ]
886 silly gunzTarPerm extractEntry tooltip/tooltip.directive.d.ts
887 silly gunzTarPerm modified mode [ 'tooltip/tooltip.directive.d.ts', 420, 438 ]
888 silly gunzTarPerm extractEntry tooltip/tooltip-container.component.d.ts
889 silly gunzTarPerm modified mode [ 'tooltip/tooltip-container.component.d.ts', 420, 438 ]
890 silly gunzTarPerm extractEntry tooltip/tooltip.directive.js.map
891 silly gunzTarPerm modified mode [ 'tooltip/tooltip.directive.js.map', 420, 438 ]
892 silly gunzTarPerm extractEntry tooltip/tooltip.directive.metadata.json
893 silly gunzTarPerm modified mode [ 'tooltip/tooltip.directive.metadata.json', 420, 438 ]
894 silly gunzTarPerm extractEntry tooltip/tooltip.module.d.ts
895 silly gunzTarPerm modified mode [ 'tooltip/tooltip.module.d.ts', 420, 438 ]
896 silly gunzTarPerm extractEntry tooltip/index.d.ts
897 silly gunzTarPerm modified mode [ 'tooltip/index.d.ts', 420, 438 ]
898 silly gunzTarPerm extractEntry tooltip/tooltip.module.js.map
899 silly gunzTarPerm modified mode [ 'tooltip/tooltip.module.js.map', 420, 438 ]
900 silly gunzTarPerm extractEntry tooltip/tooltip.module.metadata.json
901 silly gunzTarPerm modified mode [ 'tooltip/tooltip.module.metadata.json', 420, 438 ]
902 silly gunzTarPerm extractEntry utils/ng2-bootstrap-config.js
903 silly gunzTarPerm modified mode [ 'utils/ng2-bootstrap-config.js', 420, 438 ]
904 silly gunzTarPerm extractEntry utils/index.js
905 silly gunzTarPerm modified mode [ 'utils/index.js', 420, 438 ]
906 silly gunzTarPerm extractEntry utils/linked-list.class.js
907 silly gunzTarPerm modified mode [ 'utils/linked-list.class.js', 420, 438 ]
908 silly gunzTarPerm extractEntry utils/decorators.js
909 silly gunzTarPerm modified mode [ 'utils/decorators.js', 420, 438 ]
910 silly gunzTarPerm extractEntry utils/trigger.class.js
911 silly gunzTarPerm modified mode [ 'utils/trigger.class.js', 420, 438 ]
912 silly gunzTarPerm extractEntry utils/triggers.js
913 silly gunzTarPerm modified mode [ 'utils/triggers.js', 420, 438 ]
914 silly gunzTarPerm extractEntry utils/utils.class.js
915 silly gunzTarPerm modified mode [ 'utils/utils.class.js', 420, 438 ]
916 silly gunzTarPerm extractEntry utils/index.js.map
917 silly gunzTarPerm modified mode [ 'utils/index.js.map', 420, 438 ]
918 silly gunzTarPerm extractEntry utils/index.metadata.json
919 silly gunzTarPerm modified mode [ 'utils/index.metadata.json', 420, 438 ]
920 silly gunzTarPerm extractEntry utils/linked-list.class.d.ts
921 silly gunzTarPerm modified mode [ 'utils/linked-list.class.d.ts', 420, 438 ]
922 silly gunzTarPerm extractEntry utils/decorators.js.map
923 silly gunzTarPerm modified mode [ 'utils/decorators.js.map', 420, 438 ]
924 silly gunzTarPerm extractEntry utils/linked-list.class.js.map
925 silly gunzTarPerm modified mode [ 'utils/linked-list.class.js.map', 420, 438 ]
926 silly gunzTarPerm extractEntry utils/linked-list.class.metadata.json
927 silly gunzTarPerm modified mode [ 'utils/linked-list.class.metadata.json', 420, 438 ]
928 silly gunzTarPerm extractEntry utils/ng2-bootstrap-config.d.ts
929 silly gunzTarPerm modified mode [ 'utils/ng2-bootstrap-config.d.ts', 420, 438 ]
930 silly gunzTarPerm extractEntry utils/decorators.metadata.json
931 silly gunzTarPerm modified mode [ 'utils/decorators.metadata.json', 420, 438 ]
932 silly gunzTarPerm extractEntry utils/ng2-bootstrap-config.js.map
933 silly gunzTarPerm modified mode [ 'utils/ng2-bootstrap-config.js.map', 420, 438 ]
934 silly gunzTarPerm extractEntry utils/ng2-bootstrap-config.metadata.json
935 silly gunzTarPerm modified mode [ 'utils/ng2-bootstrap-config.metadata.json', 420, 438 ]
936 silly gunzTarPerm extractEntry utils/trigger.class.d.ts
937 silly gunzTarPerm modified mode [ 'utils/trigger.class.d.ts', 420, 438 ]
938 silly gunzTarPerm extractEntry utils/facade/browser.js
939 silly gunzTarPerm modified mode [ 'utils/facade/browser.js', 420, 438 ]
940 silly gunzTarPerm extractEntry utils/facade/browser.d.ts
941 silly gunzTarPerm modified mode [ 'utils/facade/browser.d.ts', 420, 438 ]
942 silly gunzTarPerm extractEntry utils/facade/browser.js.map
943 silly gunzTarPerm modified mode [ 'utils/facade/browser.js.map', 420, 438 ]
944 silly gunzTarPerm extractEntry utils/facade/browser.metadata.json
945 silly gunzTarPerm modified mode [ 'utils/facade/browser.metadata.json', 420, 438 ]
946 silly gunzTarPerm extractEntry utils/trigger.class.js.map
947 silly gunzTarPerm modified mode [ 'utils/trigger.class.js.map', 420, 438 ]
948 silly gunzTarPerm extractEntry utils/trigger.class.metadata.json
949 silly gunzTarPerm modified mode [ 'utils/trigger.class.metadata.json', 420, 438 ]
950 silly gunzTarPerm extractEntry utils/triggers.d.ts
951 silly gunzTarPerm modified mode [ 'utils/triggers.d.ts', 420, 438 ]
952 silly gunzTarPerm extractEntry utils/index.d.ts
953 silly gunzTarPerm modified mode [ 'utils/index.d.ts', 420, 438 ]
954 silly gunzTarPerm extractEntry utils/triggers.js.map
955 silly gunzTarPerm modified mode [ 'utils/triggers.js.map', 420, 438 ]
956 silly gunzTarPerm extractEntry utils/triggers.metadata.json
957 silly gunzTarPerm modified mode [ 'utils/triggers.metadata.json', 420, 438 ]
958 silly gunzTarPerm extractEntry utils/utils.class.d.ts
959 silly gunzTarPerm modified mode [ 'utils/utils.class.d.ts', 420, 438 ]
960 silly gunzTarPerm extractEntry utils/decorators.d.ts
961 silly gunzTarPerm modified mode [ 'utils/decorators.d.ts', 420, 438 ]
962 silly gunzTarPerm extractEntry utils/utils.class.js.map
963 silly gunzTarPerm modified mode [ 'utils/utils.class.js.map', 420, 438 ]
964 silly gunzTarPerm extractEntry utils/utils.class.metadata.json
965 silly gunzTarPerm modified mode [ 'utils/utils.class.metadata.json', 420, 438 ]
966 info preinstall ng2-bootstrap@1.6.3
967 silly prepareForInstallMany adding @angular/common@^2.3.1 || >=4.0.0 from ng2-bootstrap peerDependencies
968 silly prepareForInstallMany adding @angular/compiler@^2.3.1 || >=4.0.0 from ng2-bootstrap peerDependencies
969 silly prepareForInstallMany adding @angular/core@^2.3.1 || >=4.0.0 from ng2-bootstrap peerDependencies
970 silly prepareForInstallMany adding @angular/forms@^2.3.1 || >=4.0.0 from ng2-bootstrap peerDependencies
971 warn peerDependencies The peer dependency @angular/common@^2.3.1 || >=4.0.0 included from ng2-bootstrap will no
972 warn peerDependencies longer be automatically installed to fulfill the peerDependency
973 warn peerDependencies in npm 3+. Your application will need to depend on it explicitly.
974 warn peerDependencies The peer dependency @angular/compiler@^2.3.1 || >=4.0.0 included from ng2-bootstrap will no
975 warn peerDependencies longer be automatically installed to fulfill the peerDependency
976 warn peerDependencies in npm 3+. Your application will need to depend on it explicitly.
977 warn peerDependencies The peer dependency @angular/core@^2.3.1 || >=4.0.0 included from ng2-bootstrap will no
978 warn peerDependencies longer be automatically installed to fulfill the peerDependency
979 warn peerDependencies in npm 3+. Your application will need to depend on it explicitly.
980 warn peerDependencies The peer dependency @angular/forms@^2.3.1 || >=4.0.0 included from ng2-bootstrap will no
981 warn peerDependencies longer be automatically installed to fulfill the peerDependency
982 warn peerDependencies in npm 3+. Your application will need to depend on it explicitly.
983 silly install resolved []
984 verbose about to build C:\Users\ssakinala\Settle\node_modules\ng2-bootstrap
985 info build C:\Users\ssakinala\Settle\node_modules\ng2-bootstrap
986 verbose linkStuff [ false,
986 verbose linkStuff   false,
986 verbose linkStuff   false,
986 verbose linkStuff   'C:\\Users\\ssakinala\\Settle\\node_modules' ]
987 info linkStuff ng2-bootstrap@1.6.3
988 verbose linkBins ng2-bootstrap@1.6.3
989 verbose linkMans ng2-bootstrap@1.6.3
990 verbose rebuildBundles ng2-bootstrap@1.6.3
991 info install ng2-bootstrap@1.6.3
992 info postinstall ng2-bootstrap@1.6.3
993 verbose already installed skipping @angular/common@^2.3.1 || >=4.0.0 C:\Users\ssakinala\Settle
994 verbose already installed skipping @angular/compiler@^2.3.1 || >=4.0.0 C:\Users\ssakinala\Settle
995 verbose already installed skipping @angular/core@^2.3.1 || >=4.0.0 C:\Users\ssakinala\Settle
996 verbose already installed skipping @angular/forms@^2.3.1 || >=4.0.0 C:\Users\ssakinala\Settle
997 silly install resolved []
998 verbose unlock done using C:\Users\ssakinala\AppData\Roaming\npm-cache\_locks\ng2-bootstrap-22f43295f9f94909.lock for C:\Users\ssakinala\Settle\node_modules\ng2-bootstrap
999 verbose stack Error: The package @angular/common does not satisfy its siblings' peerDependencies requirements!
999 verbose stack     at C:\Program Files (x86)\nodejs\node_modules\npm\lib\install.js:125:32
999 verbose stack     at C:\Program Files (x86)\nodejs\node_modules\npm\lib\install.js:264:7
999 verbose stack     at C:\Program Files (x86)\nodejs\node_modules\npm\node_modules\read-installed\read-installed.js:138:5
999 verbose stack     at C:\Program Files (x86)\nodejs\node_modules\npm\node_modules\read-installed\read-installed.js:251:14
999 verbose stack     at cb (C:\Program Files (x86)\nodejs\node_modules\npm\node_modules\slide\lib\async-map.js:47:24)
999 verbose stack     at C:\Program Files (x86)\nodejs\node_modules\npm\node_modules\read-installed\read-installed.js:251:14
999 verbose stack     at cb (C:\Program Files (x86)\nodejs\node_modules\npm\node_modules\slide\lib\async-map.js:47:24)
999 verbose stack     at C:\Program Files (x86)\nodejs\node_modules\npm\node_modules\read-installed\read-installed.js:251:14
999 verbose stack     at cb (C:\Program Files (x86)\nodejs\node_modules\npm\node_modules\slide\lib\async-map.js:47:24)
999 verbose stack     at C:\Program Files (x86)\nodejs\node_modules\npm\node_modules\read-installed\read-installed.js:251:14
1000 verbose cwd C:\Users\ssakinala\Settle
1001 error Windows_NT 6.3.9600
1002 error argv "C:\\Program Files (x86)\\nodejs\\\\node.exe" "C:\\Program Files (x86)\\nodejs\\node_modules\\npm\\bin\\npm-cli.js" "install" "ng2-bootstrap" "--save"
1003 error node v0.12.2
1004 error npm  v2.7.4
1005 error code EPEERINVALID
1006 error peerinvalid The package @angular/common does not satisfy its siblings' peerDependencies requirements!
1006 error peerinvalid Peer @angular/forms@0.3.0 wants @angular/common@^2.0.0-rc.5
1006 error peerinvalid Peer @angular/platform-browser@2.0.0-rc.5 wants @angular/common@^2.0.0-rc.5
1006 error peerinvalid Peer @angular/platform-browser-dynamic@2.0.0-rc.5 wants @angular/common@^2.0.0-rc.5
1006 error peerinvalid Peer @angular/router@3.0.0-rc.1 wants @angular/common@^2.0.0-rc.5
1006 error peerinvalid Peer @angular/router-deprecated@2.0.0-rc.2 wants @angular/common@^2.0.0-rc
1006 error peerinvalid Peer ng2-bootstrap@1.6.3 wants @angular/common@^2.3.1 || >=4.0.0
1006 error peerinvalid Peer ngx-bootstrap@1.6.6 wants @angular/common@^2.3.1 || >=4.0.0
1007 verbose exit [ 1, true ]
